{"/home/caleb/front-end-capstone/client/src/components/App.jsx": {"path":"/home/caleb/front-end-capstone/client/src/components/App.jsx","statementMap":{"0":{"start":{"line":10,"column":36},"end":{"line":10,"column":47}},"1":{"start":{"line":11,"column":32},"end":{"line":11,"column":46}},"2":{"start":{"line":13,"column":23},"end":{"line":20,"column":3}},"3":{"start":{"line":14,"column":4},"end":{"line":19,"column":41}},"4":{"start":{"line":16,"column":8},"end":{"line":16,"column":42}},"5":{"start":{"line":17,"column":8},"end":{"line":17,"column":26}},"6":{"start":{"line":19,"column":22},"end":{"line":19,"column":40}},"7":{"start":{"line":22,"column":2},"end":{"line":25,"column":9}},"8":{"start":{"line":23,"column":4},"end":{"line":24,"column":39}},"9":{"start":{"line":24,"column":22},"end":{"line":24,"column":38}},"10":{"start":{"line":27,"column":25},"end":{"line":40,"column":3}},"11":{"start":{"line":28,"column":4},"end":{"line":28,"column":27}},"12":{"start":{"line":30,"column":23},"end":{"line":30,"column":28}},"13":{"start":{"line":32,"column":16},"end":{"line":32,"column":26}},"14":{"start":{"line":33,"column":15},"end":{"line":33,"column":79}},"15":{"start":{"line":34,"column":15},"end":{"line":34,"column":85}},"16":{"start":{"line":35,"column":19},"end":{"line":35,"column":32}},"17":{"start":{"line":38,"column":25},"end":{"line":38,"column":100}},"18":{"start":{"line":39,"column":4},"end":{"line":39,"column":31}},"19":{"start":{"line":42,"column":2},"end":{"line":44,"column":3}},"20":{"start":{"line":43,"column":4},"end":{"line":43,"column":42}},"21":{"start":{"line":49,"column":2},"end":{"line":58,"column":4}}},"fnMap":{"0":{"name":"App","decl":{"start":{"line":9,"column":24},"end":{"line":9,"column":27}},"loc":{"start":{"line":9,"column":30},"end":{"line":59,"column":1}},"line":9},"1":{"name":"(anonymous_1)","decl":{"start":{"line":13,"column":23},"end":{"line":13,"column":24}},"loc":{"start":{"line":13,"column":29},"end":{"line":20,"column":3}},"line":13},"2":{"name":"(anonymous_2)","decl":{"start":{"line":15,"column":12},"end":{"line":15,"column":13}},"loc":{"start":{"line":15,"column":26},"end":{"line":18,"column":7}},"line":15},"3":{"name":"(anonymous_3)","decl":{"start":{"line":19,"column":13},"end":{"line":19,"column":14}},"loc":{"start":{"line":19,"column":22},"end":{"line":19,"column":40}},"line":19},"4":{"name":"(anonymous_4)","decl":{"start":{"line":22,"column":12},"end":{"line":22,"column":13}},"loc":{"start":{"line":22,"column":18},"end":{"line":25,"column":3}},"line":22},"5":{"name":"(anonymous_5)","decl":{"start":{"line":24,"column":13},"end":{"line":24,"column":14}},"loc":{"start":{"line":24,"column":22},"end":{"line":24,"column":38}},"line":24},"6":{"name":"(anonymous_6)","decl":{"start":{"line":27,"column":25},"end":{"line":27,"column":26}},"loc":{"start":{"line":27,"column":36},"end":{"line":40,"column":3}},"line":27}},"branchMap":{"0":{"loc":{"start":{"line":42,"column":2},"end":{"line":44,"column":3}},"type":"if","locations":[{"start":{"line":42,"column":2},"end":{"line":44,"column":3}},{"start":{},"end":{}}],"line":42}},"s":{"0":1,"1":1,"2":1,"3":1,"4":0,"5":0,"6":1,"7":1,"8":1,"9":0,"10":1,"11":0,"12":0,"13":0,"14":0,"15":0,"16":0,"17":0,"18":0,"19":1,"20":1,"21":0},"f":{"0":1,"1":1,"2":0,"3":1,"4":1,"5":0,"6":0},"b":{"0":[1,0]},"_coverageSchema":"1a1c01bbd47fc00a2c39e90264f33305004495a9","hash":"a499e4a707e861c6452ef5e0c6889542326e69c1"}
,"/home/caleb/front-end-capstone/client/src/components/Overview/Overview.jsx": {"path":"/home/caleb/front-end-capstone/client/src/components/Overview/Overview.jsx","statementMap":{"0":{"start":{"line":12,"column":54},"end":{"line":12,"column":68}},"1":{"start":{"line":13,"column":44},"end":{"line":13,"column":58}},"2":{"start":{"line":14,"column":40},"end":{"line":14,"column":52}},"3":{"start":{"line":15,"column":30},"end":{"line":15,"column":42}},"4":{"start":{"line":16,"column":48},"end":{"line":16,"column":59}},"5":{"start":{"line":17,"column":60},"end":{"line":17,"column":94}},"6":{"start":{"line":19,"column":25},"end":{"line":23,"column":3}},"7":{"start":{"line":20,"column":4},"end":{"line":22,"column":39}},"8":{"start":{"line":21,"column":26},"end":{"line":21,"column":57}},"9":{"start":{"line":22,"column":22},"end":{"line":22,"column":38}},"10":{"start":{"line":25,"column":20},"end":{"line":29,"column":3}},"11":{"start":{"line":26,"column":4},"end":{"line":28,"column":39}},"12":{"start":{"line":27,"column":26},"end":{"line":27,"column":58}},"13":{"start":{"line":28,"column":22},"end":{"line":28,"column":38}},"14":{"start":{"line":31,"column":21},"end":{"line":34,"column":3}},"15":{"start":{"line":32,"column":4},"end":{"line":32,"column":49}},"16":{"start":{"line":33,"column":4},"end":{"line":33,"column":46}},"17":{"start":{"line":36,"column":2},"end":{"line":40,"column":18}},"18":{"start":{"line":37,"column":4},"end":{"line":39,"column":39}},"19":{"start":{"line":38,"column":18},"end":{"line":38,"column":46}},"20":{"start":{"line":39,"column":22},"end":{"line":39,"column":38}},"21":{"start":{"line":42,"column":2},"end":{"line":46,"column":18}},"22":{"start":{"line":43,"column":4},"end":{"line":45,"column":39}},"23":{"start":{"line":44,"column":18},"end":{"line":44,"column":41}},"24":{"start":{"line":45,"column":22},"end":{"line":45,"column":38}},"25":{"start":{"line":48,"column":2},"end":{"line":50,"column":3}},"26":{"start":{"line":49,"column":4},"end":{"line":49,"column":47}},"27":{"start":{"line":52,"column":2},"end":{"line":65,"column":4}}},"fnMap":{"0":{"name":"Overview","decl":{"start":{"line":11,"column":24},"end":{"line":11,"column":32}},"loc":{"start":{"line":11,"column":48},"end":{"line":66,"column":1}},"line":11},"1":{"name":"(anonymous_1)","decl":{"start":{"line":19,"column":25},"end":{"line":19,"column":26}},"loc":{"start":{"line":19,"column":31},"end":{"line":23,"column":3}},"line":19},"2":{"name":"(anonymous_2)","decl":{"start":{"line":21,"column":12},"end":{"line":21,"column":13}},"loc":{"start":{"line":21,"column":26},"end":{"line":21,"column":57}},"line":21},"3":{"name":"(anonymous_3)","decl":{"start":{"line":22,"column":13},"end":{"line":22,"column":14}},"loc":{"start":{"line":22,"column":22},"end":{"line":22,"column":38}},"line":22},"4":{"name":"(anonymous_4)","decl":{"start":{"line":25,"column":20},"end":{"line":25,"column":21}},"loc":{"start":{"line":25,"column":26},"end":{"line":29,"column":3}},"line":25},"5":{"name":"(anonymous_5)","decl":{"start":{"line":27,"column":12},"end":{"line":27,"column":13}},"loc":{"start":{"line":27,"column":26},"end":{"line":27,"column":58}},"line":27},"6":{"name":"(anonymous_6)","decl":{"start":{"line":28,"column":13},"end":{"line":28,"column":14}},"loc":{"start":{"line":28,"column":22},"end":{"line":28,"column":38}},"line":28},"7":{"name":"(anonymous_7)","decl":{"start":{"line":31,"column":21},"end":{"line":31,"column":22}},"loc":{"start":{"line":31,"column":43},"end":{"line":34,"column":3}},"line":31},"8":{"name":"(anonymous_8)","decl":{"start":{"line":36,"column":12},"end":{"line":36,"column":13}},"loc":{"start":{"line":36,"column":18},"end":{"line":40,"column":3}},"line":36},"9":{"name":"(anonymous_9)","decl":{"start":{"line":38,"column":12},"end":{"line":38,"column":13}},"loc":{"start":{"line":38,"column":18},"end":{"line":38,"column":46}},"line":38},"10":{"name":"(anonymous_10)","decl":{"start":{"line":39,"column":13},"end":{"line":39,"column":14}},"loc":{"start":{"line":39,"column":22},"end":{"line":39,"column":38}},"line":39},"11":{"name":"(anonymous_11)","decl":{"start":{"line":42,"column":12},"end":{"line":42,"column":13}},"loc":{"start":{"line":42,"column":18},"end":{"line":46,"column":3}},"line":42},"12":{"name":"(anonymous_12)","decl":{"start":{"line":44,"column":12},"end":{"line":44,"column":13}},"loc":{"start":{"line":44,"column":18},"end":{"line":44,"column":41}},"line":44},"13":{"name":"(anonymous_13)","decl":{"start":{"line":45,"column":13},"end":{"line":45,"column":14}},"loc":{"start":{"line":45,"column":22},"end":{"line":45,"column":38}},"line":45}},"branchMap":{"0":{"loc":{"start":{"line":48,"column":2},"end":{"line":50,"column":3}},"type":"if","locations":[{"start":{"line":48,"column":2},"end":{"line":50,"column":3}},{"start":{},"end":{}}],"line":48},"1":{"loc":{"start":{"line":48,"column":6},"end":{"line":48,"column":41}},"type":"binary-expr","locations":[{"start":{"line":48,"column":6},"end":{"line":48,"column":24}},{"start":{"line":48,"column":28},"end":{"line":48,"column":41}}],"line":48}},"s":{"0":0,"1":0,"2":0,"3":0,"4":0,"5":0,"6":0,"7":0,"8":0,"9":0,"10":0,"11":0,"12":0,"13":0,"14":0,"15":0,"16":0,"17":0,"18":0,"19":0,"20":0,"21":0,"22":0,"23":0,"24":0,"25":0,"26":0,"27":0},"f":{"0":0,"1":0,"2":0,"3":0,"4":0,"5":0,"6":0,"7":0,"8":0,"9":0,"10":0,"11":0,"12":0,"13":0},"b":{"0":[0,0],"1":[0,0]},"_coverageSchema":"1a1c01bbd47fc00a2c39e90264f33305004495a9","hash":"f13e2d242eb734629d2a67183a0d20f87cec9c84"}
,"/home/caleb/front-end-capstone/client/src/components/Overview/AddToCart/AddToCart.jsx": {"path":"/home/caleb/front-end-capstone/client/src/components/Overview/AddToCart/AddToCart.jsx","statementMap":{"0":{"start":{"line":5,"column":26},"end":{"line":5,"column":38}},"1":{"start":{"line":6,"column":38},"end":{"line":6,"column":61}},"2":{"start":{"line":7,"column":58},"end":{"line":7,"column":73}},"3":{"start":{"line":8,"column":46},"end":{"line":8,"column":59}},"4":{"start":{"line":10,"column":23},"end":{"line":12,"column":3}},"5":{"start":{"line":11,"column":4},"end":{"line":11,"column":44}},"6":{"start":{"line":14,"column":30},"end":{"line":22,"column":3}},"7":{"start":{"line":15,"column":23},"end":{"line":15,"column":25}},"8":{"start":{"line":16,"column":4},"end":{"line":20,"column":5}},"9":{"start":{"line":16,"column":17},"end":{"line":16,"column":18}},"10":{"start":{"line":17,"column":6},"end":{"line":19,"column":7}},"11":{"start":{"line":18,"column":8},"end":{"line":18,"column":29}},"12":{"start":{"line":21,"column":4},"end":{"line":21,"column":24}},"13":{"start":{"line":24,"column":21},"end":{"line":27,"column":3}},"14":{"start":{"line":25,"column":4},"end":{"line":26,"column":39}},"15":{"start":{"line":26,"column":22},"end":{"line":26,"column":38}},"16":{"start":{"line":29,"column":24},"end":{"line":40,"column":3}},"17":{"start":{"line":30,"column":4},"end":{"line":30,"column":58}},"18":{"start":{"line":31,"column":16},"end":{"line":31,"column":17}},"19":{"start":{"line":32,"column":23},"end":{"line":32,"column":25}},"20":{"start":{"line":33,"column":4},"end":{"line":36,"column":5}},"21":{"start":{"line":34,"column":6},"end":{"line":34,"column":38}},"22":{"start":{"line":35,"column":6},"end":{"line":35,"column":14}},"23":{"start":{"line":37,"column":4},"end":{"line":39,"column":39}},"24":{"start":{"line":38,"column":18},"end":{"line":38,"column":51}},"25":{"start":{"line":39,"column":22},"end":{"line":39,"column":38}},"26":{"start":{"line":42,"column":27},"end":{"line":44,"column":3}},"27":{"start":{"line":43,"column":4},"end":{"line":43,"column":34}},"28":{"start":{"line":46,"column":2},"end":{"line":53,"column":24}},"29":{"start":{"line":47,"column":4},"end":{"line":47,"column":19}},"30":{"start":{"line":48,"column":4},"end":{"line":48,"column":33}},"31":{"start":{"line":49,"column":18},"end":{"line":49,"column":49}},"32":{"start":{"line":50,"column":4},"end":{"line":52,"column":5}},"33":{"start":{"line":51,"column":6},"end":{"line":51,"column":36}},"34":{"start":{"line":55,"column":2},"end":{"line":57,"column":19}},"35":{"start":{"line":56,"column":4},"end":{"line":56,"column":35}},"36":{"start":{"line":59,"column":2},"end":{"line":98,"column":4}},"37":{"start":{"line":71,"column":73},"end":{"line":71,"column":102}},"38":{"start":{"line":74,"column":14},"end":{"line":74,"column":79}},"39":{"start":{"line":84,"column":78},"end":{"line":84,"column":111}},"40":{"start":{"line":86,"column":14},"end":{"line":86,"column":51}}},"fnMap":{"0":{"name":"AddToCart","decl":{"start":{"line":4,"column":24},"end":{"line":4,"column":33}},"loc":{"start":{"line":4,"column":63},"end":{"line":99,"column":1}},"line":4},"1":{"name":"(anonymous_1)","decl":{"start":{"line":10,"column":23},"end":{"line":10,"column":24}},"loc":{"start":{"line":10,"column":29},"end":{"line":12,"column":3}},"line":10},"2":{"name":"(anonymous_2)","decl":{"start":{"line":14,"column":30},"end":{"line":14,"column":31}},"loc":{"start":{"line":14,"column":44},"end":{"line":22,"column":3}},"line":14},"3":{"name":"(anonymous_3)","decl":{"start":{"line":24,"column":21},"end":{"line":24,"column":22}},"loc":{"start":{"line":24,"column":27},"end":{"line":27,"column":3}},"line":24},"4":{"name":"(anonymous_4)","decl":{"start":{"line":26,"column":13},"end":{"line":26,"column":14}},"loc":{"start":{"line":26,"column":22},"end":{"line":26,"column":38}},"line":26},"5":{"name":"(anonymous_5)","decl":{"start":{"line":29,"column":24},"end":{"line":29,"column":25}},"loc":{"start":{"line":29,"column":31},"end":{"line":40,"column":3}},"line":29},"6":{"name":"(anonymous_6)","decl":{"start":{"line":38,"column":12},"end":{"line":38,"column":13}},"loc":{"start":{"line":38,"column":18},"end":{"line":38,"column":51}},"line":38},"7":{"name":"(anonymous_7)","decl":{"start":{"line":39,"column":13},"end":{"line":39,"column":14}},"loc":{"start":{"line":39,"column":22},"end":{"line":39,"column":38}},"line":39},"8":{"name":"(anonymous_8)","decl":{"start":{"line":42,"column":27},"end":{"line":42,"column":28}},"loc":{"start":{"line":42,"column":34},"end":{"line":44,"column":3}},"line":42},"9":{"name":"(anonymous_9)","decl":{"start":{"line":46,"column":12},"end":{"line":46,"column":13}},"loc":{"start":{"line":46,"column":18},"end":{"line":53,"column":3}},"line":46},"10":{"name":"(anonymous_10)","decl":{"start":{"line":55,"column":12},"end":{"line":55,"column":13}},"loc":{"start":{"line":55,"column":18},"end":{"line":57,"column":3}},"line":55},"11":{"name":"(anonymous_11)","decl":{"start":{"line":71,"column":66},"end":{"line":71,"column":67}},"loc":{"start":{"line":71,"column":73},"end":{"line":71,"column":102}},"line":71},"12":{"name":"(anonymous_12)","decl":{"start":{"line":73,"column":38},"end":{"line":73,"column":39}},"loc":{"start":{"line":73,"column":50},"end":{"line":75,"column":13}},"line":73},"13":{"name":"(anonymous_13)","decl":{"start":{"line":84,"column":71},"end":{"line":84,"column":72}},"loc":{"start":{"line":84,"column":78},"end":{"line":84,"column":111}},"line":84},"14":{"name":"(anonymous_14)","decl":{"start":{"line":85,"column":67},"end":{"line":85,"column":68}},"loc":{"start":{"line":85,"column":79},"end":{"line":87,"column":13}},"line":85}},"branchMap":{"0":{"loc":{"start":{"line":17,"column":6},"end":{"line":19,"column":7}},"type":"if","locations":[{"start":{"line":17,"column":6},"end":{"line":19,"column":7}},{"start":{},"end":{}}],"line":17},"1":{"loc":{"start":{"line":50,"column":4},"end":{"line":52,"column":5}},"type":"if","locations":[{"start":{"line":50,"column":4},"end":{"line":52,"column":5}},{"start":{},"end":{}}],"line":50},"2":{"loc":{"start":{"line":62,"column":9},"end":{"line":65,"column":19}},"type":"binary-expr","locations":[{"start":{"line":62,"column":9},"end":{"line":62,"column":42}},{"start":{"line":63,"column":10},"end":{"line":65,"column":19}}],"line":62},"3":{"loc":{"start":{"line":67,"column":9},"end":{"line":68,"column":39}},"type":"binary-expr","locations":[{"start":{"line":67,"column":9},"end":{"line":67,"column":43}},{"start":{"line":67,"column":47},"end":{"line":67,"column":62}},{"start":{"line":67,"column":66},"end":{"line":67,"column":86}},{"start":{"line":68,"column":10},"end":{"line":68,"column":39}}],"line":67},"4":{"loc":{"start":{"line":70,"column":9},"end":{"line":76,"column":19}},"type":"binary-expr","locations":[{"start":{"line":70,"column":9},"end":{"line":70,"column":43}},{"start":{"line":70,"column":47},"end":{"line":70,"column":62}},{"start":{"line":71,"column":10},"end":{"line":76,"column":19}}],"line":70},"5":{"loc":{"start":{"line":78,"column":9},"end":{"line":81,"column":19}},"type":"binary-expr","locations":[{"start":{"line":78,"column":9},"end":{"line":78,"column":37}},{"start":{"line":79,"column":10},"end":{"line":81,"column":19}}],"line":78},"6":{"loc":{"start":{"line":83,"column":9},"end":{"line":88,"column":19}},"type":"binary-expr","locations":[{"start":{"line":83,"column":9},"end":{"line":83,"column":37}},{"start":{"line":84,"column":10},"end":{"line":88,"column":19}}],"line":83},"7":{"loc":{"start":{"line":91,"column":7},"end":{"line":92,"column":88}},"type":"binary-expr","locations":[{"start":{"line":91,"column":7},"end":{"line":91,"column":35}},{"start":{"line":92,"column":8},"end":{"line":92,"column":88}}],"line":91},"8":{"loc":{"start":{"line":94,"column":7},"end":{"line":95,"column":91}},"type":"binary-expr","locations":[{"start":{"line":94,"column":7},"end":{"line":94,"column":41}},{"start":{"line":94,"column":45},"end":{"line":94,"column":73}},{"start":{"line":95,"column":8},"end":{"line":95,"column":91}}],"line":94}},"s":{"0":0,"1":0,"2":0,"3":0,"4":0,"5":0,"6":0,"7":0,"8":0,"9":0,"10":0,"11":0,"12":0,"13":0,"14":0,"15":0,"16":0,"17":0,"18":0,"19":0,"20":0,"21":0,"22":0,"23":0,"24":0,"25":0,"26":0,"27":0,"28":0,"29":0,"30":0,"31":0,"32":0,"33":0,"34":0,"35":0,"36":0,"37":0,"38":0,"39":0,"40":0},"f":{"0":0,"1":0,"2":0,"3":0,"4":0,"5":0,"6":0,"7":0,"8":0,"9":0,"10":0,"11":0,"12":0,"13":0,"14":0},"b":{"0":[0,0],"1":[0,0],"2":[0,0],"3":[0,0,0,0],"4":[0,0,0],"5":[0,0],"6":[0,0],"7":[0,0],"8":[0,0,0]},"_coverageSchema":"1a1c01bbd47fc00a2c39e90264f33305004495a9","hash":"5caad53544f6a4cd9f1f1a93200d85c45a0c4166"}
,"/home/caleb/front-end-capstone/client/src/components/Overview/ImageGallery/ExpandedImageGallery.jsx": {"path":"/home/caleb/front-end-capstone/client/src/components/Overview/ImageGallery/ExpandedImageGallery.jsx","statementMap":{"0":{"start":{"line":4,"column":2},"end":{"line":11,"column":4}},"1":{"start":{"line":8,"column":31},"end":{"line":8,"column":49}}},"fnMap":{"0":{"name":"ExpandedImageGallery","decl":{"start":{"line":3,"column":24},"end":{"line":3,"column":44}},"loc":{"start":{"line":3,"column":89},"end":{"line":12,"column":1}},"line":3},"1":{"name":"(anonymous_1)","decl":{"start":{"line":8,"column":25},"end":{"line":8,"column":26}},"loc":{"start":{"line":8,"column":31},"end":{"line":8,"column":49}},"line":8}},"branchMap":{},"s":{"0":0,"1":0},"f":{"0":0,"1":0},"b":{},"_coverageSchema":"1a1c01bbd47fc00a2c39e90264f33305004495a9","hash":"1478380f9dc4b19e00cefd838d9083dd19c778e4"}
,"/home/caleb/front-end-capstone/client/src/components/Overview/ImageGallery/ImageGallery.jsx": {"path":"/home/caleb/front-end-capstone/client/src/components/Overview/ImageGallery/ImageGallery.jsx","statementMap":{"0":{"start":{"line":6,"column":34},"end":{"line":6,"column":49}},"1":{"start":{"line":7,"column":30},"end":{"line":7,"column":70}},"2":{"start":{"line":8,"column":34},"end":{"line":8,"column":45}},"3":{"start":{"line":9,"column":32},"end":{"line":9,"column":43}},"4":{"start":{"line":11,"column":28},"end":{"line":11,"column":54}},"5":{"start":{"line":12,"column":16},"end":{"line":12,"column":18}},"6":{"start":{"line":13,"column":2},"end":{"line":16,"column":3}},"7":{"start":{"line":13,"column":15},"end":{"line":13,"column":16}},"8":{"start":{"line":14,"column":25},"end":{"line":14,"column":61}},"9":{"start":{"line":15,"column":4},"end":{"line":15,"column":33}},"10":{"start":{"line":18,"column":31},"end":{"line":23,"column":3}},"11":{"start":{"line":19,"column":4},"end":{"line":19,"column":28}},"12":{"start":{"line":20,"column":4},"end":{"line":22,"column":5}},"13":{"start":{"line":21,"column":6},"end":{"line":21,"column":32}},"14":{"start":{"line":25,"column":34},"end":{"line":30,"column":3}},"15":{"start":{"line":26,"column":4},"end":{"line":26,"column":28}},"16":{"start":{"line":27,"column":4},"end":{"line":29,"column":5}},"17":{"start":{"line":28,"column":6},"end":{"line":28,"column":32}},"18":{"start":{"line":32,"column":31},"end":{"line":35,"column":3}},"19":{"start":{"line":33,"column":4},"end":{"line":33,"column":30}},"20":{"start":{"line":34,"column":4},"end":{"line":34,"column":35}},"21":{"start":{"line":37,"column":29},"end":{"line":40,"column":3}},"22":{"start":{"line":38,"column":4},"end":{"line":38,"column":30}},"23":{"start":{"line":39,"column":4},"end":{"line":39,"column":35}},"24":{"start":{"line":42,"column":2},"end":{"line":50,"column":24}},"25":{"start":{"line":43,"column":4},"end":{"line":49,"column":5}},"26":{"start":{"line":44,"column":6},"end":{"line":44,"column":48}},"27":{"start":{"line":46,"column":6},"end":{"line":46,"column":20}},"28":{"start":{"line":47,"column":6},"end":{"line":47,"column":21}},"29":{"start":{"line":48,"column":6},"end":{"line":48,"column":48}},"30":{"start":{"line":52,"column":2},"end":{"line":90,"column":4}},"31":{"start":{"line":68,"column":10},"end":{"line":68,"column":133}},"32":{"start":{"line":86,"column":60},"end":{"line":86,"column":77}}},"fnMap":{"0":{"name":"ImageGallery","decl":{"start":{"line":5,"column":24},"end":{"line":5,"column":36}},"loc":{"start":{"line":5,"column":66},"end":{"line":91,"column":1}},"line":5},"1":{"name":"(anonymous_1)","decl":{"start":{"line":18,"column":31},"end":{"line":18,"column":32}},"loc":{"start":{"line":18,"column":37},"end":{"line":23,"column":3}},"line":18},"2":{"name":"(anonymous_2)","decl":{"start":{"line":25,"column":34},"end":{"line":25,"column":35}},"loc":{"start":{"line":25,"column":40},"end":{"line":30,"column":3}},"line":25},"3":{"name":"(anonymous_3)","decl":{"start":{"line":32,"column":31},"end":{"line":32,"column":32}},"loc":{"start":{"line":32,"column":37},"end":{"line":35,"column":3}},"line":32},"4":{"name":"(anonymous_4)","decl":{"start":{"line":37,"column":29},"end":{"line":37,"column":30}},"loc":{"start":{"line":37,"column":35},"end":{"line":40,"column":3}},"line":37},"5":{"name":"(anonymous_5)","decl":{"start":{"line":42,"column":12},"end":{"line":42,"column":13}},"loc":{"start":{"line":42,"column":18},"end":{"line":50,"column":3}},"line":42},"6":{"name":"(anonymous_6)","decl":{"start":{"line":67,"column":31},"end":{"line":67,"column":32}},"loc":{"start":{"line":67,"column":45},"end":{"line":69,"column":9}},"line":67},"7":{"name":"(anonymous_7)","decl":{"start":{"line":86,"column":54},"end":{"line":86,"column":55}},"loc":{"start":{"line":86,"column":60},"end":{"line":86,"column":77}},"line":86}},"branchMap":{"0":{"loc":{"start":{"line":20,"column":4},"end":{"line":22,"column":5}},"type":"if","locations":[{"start":{"line":20,"column":4},"end":{"line":22,"column":5}},{"start":{},"end":{}}],"line":20},"1":{"loc":{"start":{"line":27,"column":4},"end":{"line":29,"column":5}},"type":"if","locations":[{"start":{"line":27,"column":4},"end":{"line":29,"column":5}},{"start":{},"end":{}}],"line":27},"2":{"loc":{"start":{"line":43,"column":4},"end":{"line":49,"column":5}},"type":"if","locations":[{"start":{"line":43,"column":4},"end":{"line":49,"column":5}},{"start":{"line":45,"column":11},"end":{"line":49,"column":5}}],"line":43},"3":{"loc":{"start":{"line":54,"column":7},"end":{"line":55,"column":111}},"type":"binary-expr","locations":[{"start":{"line":54,"column":7},"end":{"line":54,"column":15}},{"start":{"line":55,"column":8},"end":{"line":55,"column":111}}],"line":54},"4":{"loc":{"start":{"line":59,"column":9},"end":{"line":62,"column":16}},"type":"binary-expr","locations":[{"start":{"line":59,"column":9},"end":{"line":59,"column":23}},{"start":{"line":60,"column":10},"end":{"line":62,"column":16}}],"line":59},"5":{"loc":{"start":{"line":64,"column":9},"end":{"line":65,"column":51}},"type":"binary-expr","locations":[{"start":{"line":64,"column":9},"end":{"line":64,"column":23}},{"start":{"line":65,"column":10},"end":{"line":65,"column":51}}],"line":64},"6":{"loc":{"start":{"line":70,"column":9},"end":{"line":73,"column":16}},"type":"binary-expr","locations":[{"start":{"line":70,"column":9},"end":{"line":70,"column":47}},{"start":{"line":71,"column":10},"end":{"line":73,"column":16}}],"line":70},"7":{"loc":{"start":{"line":76,"column":7},"end":{"line":79,"column":14}},"type":"binary-expr","locations":[{"start":{"line":76,"column":7},"end":{"line":76,"column":20}},{"start":{"line":77,"column":8},"end":{"line":79,"column":14}}],"line":76},"8":{"loc":{"start":{"line":81,"column":7},"end":{"line":84,"column":14}},"type":"binary-expr","locations":[{"start":{"line":81,"column":7},"end":{"line":81,"column":38}},{"start":{"line":82,"column":8},"end":{"line":84,"column":14}}],"line":81}},"s":{"0":0,"1":0,"2":0,"3":0,"4":0,"5":0,"6":0,"7":0,"8":0,"9":0,"10":0,"11":0,"12":0,"13":0,"14":0,"15":0,"16":0,"17":0,"18":0,"19":0,"20":0,"21":0,"22":0,"23":0,"24":0,"25":0,"26":0,"27":0,"28":0,"29":0,"30":0,"31":0,"32":0},"f":{"0":0,"1":0,"2":0,"3":0,"4":0,"5":0,"6":0,"7":0},"b":{"0":[0,0],"1":[0,0],"2":[0,0],"3":[0,0],"4":[0,0],"5":[0,0],"6":[0,0],"7":[0,0],"8":[0,0]},"_coverageSchema":"1a1c01bbd47fc00a2c39e90264f33305004495a9","hash":"cf845821a357b5c7b96c61c3bdabcc3998158ed8"}
,"/home/caleb/front-end-capstone/client/src/components/Overview/ImageGallery/ThumbnailPhoto.jsx": {"path":"/home/caleb/front-end-capstone/client/src/components/Overview/ImageGallery/ThumbnailPhoto.jsx","statementMap":{"0":{"start":{"line":4,"column":2},"end":{"line":14,"column":3}},"1":{"start":{"line":5,"column":24},"end":{"line":5,"column":59}}},"fnMap":{"0":{"name":"ThumbnailPhoto","decl":{"start":{"line":3,"column":24},"end":{"line":3,"column":38}},"loc":{"start":{"line":3,"column":91},"end":{"line":15,"column":1}},"line":3},"1":{"name":"(anonymous_1)","decl":{"start":{"line":5,"column":18},"end":{"line":5,"column":19}},"loc":{"start":{"line":5,"column":24},"end":{"line":5,"column":59}},"line":5}},"branchMap":{"0":{"loc":{"start":{"line":7,"column":7},"end":{"line":8,"column":52}},"type":"binary-expr","locations":[{"start":{"line":7,"column":7},"end":{"line":7,"column":44}},{"start":{"line":8,"column":8},"end":{"line":8,"column":52}}],"line":7},"1":{"loc":{"start":{"line":10,"column":7},"end":{"line":11,"column":54}},"type":"binary-expr","locations":[{"start":{"line":10,"column":7},"end":{"line":10,"column":44}},{"start":{"line":11,"column":8},"end":{"line":11,"column":54}}],"line":10}},"s":{"0":0,"1":0},"f":{"0":0,"1":0},"b":{"0":[0,0],"1":[0,0]},"_coverageSchema":"1a1c01bbd47fc00a2c39e90264f33305004495a9","hash":"57e26de4914361aa3344f492e4e4975de921ffc3"}
,"/home/caleb/front-end-capstone/client/src/components/Overview/ProductDescription/ProductDescription.jsx": {"path":"/home/caleb/front-end-capstone/client/src/components/Overview/ProductDescription/ProductDescription.jsx","statementMap":{"0":{"start":{"line":4,"column":2},"end":{"line":19,"column":4}},"1":{"start":{"line":14,"column":12},"end":{"line":14,"column":71}}},"fnMap":{"0":{"name":"ProductDescription","decl":{"start":{"line":3,"column":24},"end":{"line":3,"column":42}},"loc":{"start":{"line":3,"column":60},"end":{"line":20,"column":1}},"line":3},"1":{"name":"(anonymous_1)","decl":{"start":{"line":13,"column":43},"end":{"line":13,"column":44}},"loc":{"start":{"line":13,"column":59},"end":{"line":15,"column":11}},"line":13}},"branchMap":{"0":{"loc":{"start":{"line":6,"column":7},"end":{"line":16,"column":14}},"type":"binary-expr","locations":[{"start":{"line":6,"column":7},"end":{"line":6,"column":33}},{"start":{"line":7,"column":8},"end":{"line":16,"column":14}}],"line":6}},"s":{"0":0,"1":0},"f":{"0":0,"1":0},"b":{"0":[0,0]},"_coverageSchema":"1a1c01bbd47fc00a2c39e90264f33305004495a9","hash":"c460946f3220e478b14e9e51f44ee01bd74cc841"}
,"/home/caleb/front-end-capstone/client/src/components/Overview/ProductHeading/ProductHeading.jsx": {"path":"/home/caleb/front-end-capstone/client/src/components/Overview/ProductHeading/ProductHeading.jsx","statementMap":{"0":{"start":{"line":4,"column":2},"end":{"line":18,"column":4}}},"fnMap":{"0":{"name":"ProductHeading","decl":{"start":{"line":3,"column":24},"end":{"line":3,"column":38}},"loc":{"start":{"line":3,"column":81},"end":{"line":19,"column":1}},"line":3}},"branchMap":{"0":{"loc":{"start":{"line":8,"column":7},"end":{"line":9,"column":78}},"type":"binary-expr","locations":[{"start":{"line":8,"column":7},"end":{"line":8,"column":50}},{"start":{"line":9,"column":8},"end":{"line":9,"column":78}}],"line":8},"1":{"loc":{"start":{"line":11,"column":7},"end":{"line":15,"column":14}},"type":"binary-expr","locations":[{"start":{"line":11,"column":7},"end":{"line":11,"column":50}},{"start":{"line":12,"column":8},"end":{"line":15,"column":14}}],"line":11}},"s":{"0":0},"f":{"0":0},"b":{"0":[0,0],"1":[0,0]},"_coverageSchema":"1a1c01bbd47fc00a2c39e90264f33305004495a9","hash":"d859d31756da1f6f5fcd73b3e7e4e81cfec5bbf6"}
,"/home/caleb/front-end-capstone/client/src/components/Overview/ShareMedia/ShareMedia.jsx": {"path":"/home/caleb/front-end-capstone/client/src/components/Overview/ShareMedia/ShareMedia.jsx","statementMap":{"0":{"start":{"line":4,"column":17},"end":{"line":4,"column":85}},"1":{"start":{"line":5,"column":19},"end":{"line":5,"column":135}},"2":{"start":{"line":7,"column":2},"end":{"line":23,"column":4}}},"fnMap":{"0":{"name":"ShareMedia","decl":{"start":{"line":3,"column":24},"end":{"line":3,"column":34}},"loc":{"start":{"line":3,"column":64},"end":{"line":24,"column":1}},"line":3}},"branchMap":{"0":{"loc":{"start":{"line":5,"column":19},"end":{"line":5,"column":135}},"type":"cond-expr","locations":[{"start":{"line":5,"column":59},"end":{"line":5,"column":119}},{"start":{"line":5,"column":122},"end":{"line":5,"column":135}}],"line":5}},"s":{"0":0,"1":0,"2":0},"f":{"0":0},"b":{"0":[0,0]},"_coverageSchema":"1a1c01bbd47fc00a2c39e90264f33305004495a9","hash":"aed126bd349c20ecc14c4640ffa415f13bfff7cf"}
,"/home/caleb/front-end-capstone/client/src/components/Overview/StyleSelector/StyleSelector.jsx": {"path":"/home/caleb/front-end-capstone/client/src/components/Overview/StyleSelector/StyleSelector.jsx","statementMap":{"0":{"start":{"line":5,"column":25},"end":{"line":5,"column":51}},"1":{"start":{"line":6,"column":13},"end":{"line":6,"column":15}},"2":{"start":{"line":7,"column":2},"end":{"line":10,"column":3}},"3":{"start":{"line":7,"column":15},"end":{"line":7,"column":16}},"4":{"start":{"line":8,"column":22},"end":{"line":8,"column":58}},"5":{"start":{"line":9,"column":4},"end":{"line":9,"column":27}},"6":{"start":{"line":11,"column":2},"end":{"line":18,"column":4}},"7":{"start":{"line":15,"column":8},"end":{"line":15,"column":131}}},"fnMap":{"0":{"name":"StyleSelector","decl":{"start":{"line":4,"column":24},"end":{"line":4,"column":37}},"loc":{"start":{"line":4,"column":102},"end":{"line":19,"column":1}},"line":4},"1":{"name":"(anonymous_1)","decl":{"start":{"line":14,"column":16},"end":{"line":14,"column":17}},"loc":{"start":{"line":14,"column":28},"end":{"line":16,"column":7}},"line":14}},"branchMap":{},"s":{"0":0,"1":0,"2":0,"3":0,"4":0,"5":0,"6":0,"7":0},"f":{"0":0,"1":0},"b":{},"_coverageSchema":"1a1c01bbd47fc00a2c39e90264f33305004495a9","hash":"8946e41d49e1876e6fae174b9e3bc2b62e1d8a4e"}
,"/home/caleb/front-end-capstone/client/src/components/Overview/StyleSelector/ThumbnailRow.jsx": {"path":"/home/caleb/front-end-capstone/client/src/components/Overview/StyleSelector/ThumbnailRow.jsx","statementMap":{"0":{"start":{"line":5,"column":21},"end":{"line":11,"column":3}},"1":{"start":{"line":6,"column":26},"end":{"line":6,"column":31}},"2":{"start":{"line":7,"column":4},"end":{"line":9,"column":5}},"3":{"start":{"line":8,"column":6},"end":{"line":8,"column":29}},"4":{"start":{"line":10,"column":4},"end":{"line":10,"column":27}},"5":{"start":{"line":13,"column":2},"end":{"line":19,"column":3}},"6":{"start":{"line":16,"column":8},"end":{"line":16,"column":141}}},"fnMap":{"0":{"name":"ThumbnailRow","decl":{"start":{"line":4,"column":24},"end":{"line":4,"column":36}},"loc":{"start":{"line":4,"column":89},"end":{"line":20,"column":1}},"line":4},"1":{"name":"(anonymous_1)","decl":{"start":{"line":5,"column":21},"end":{"line":5,"column":22}},"loc":{"start":{"line":5,"column":28},"end":{"line":11,"column":3}},"line":5},"2":{"name":"(anonymous_2)","decl":{"start":{"line":15,"column":15},"end":{"line":15,"column":16}},"loc":{"start":{"line":15,"column":29},"end":{"line":17,"column":7}},"line":15}},"branchMap":{"0":{"loc":{"start":{"line":7,"column":4},"end":{"line":9,"column":5}},"type":"if","locations":[{"start":{"line":7,"column":4},"end":{"line":9,"column":5}},{"start":{},"end":{}}],"line":7},"1":{"loc":{"start":{"line":7,"column":8},"end":{"line":7,"column":91}},"type":"binary-expr","locations":[{"start":{"line":7,"column":9},"end":{"line":7,"column":48}},{"start":{"line":7,"column":54},"end":{"line":7,"column":90}}],"line":7}},"s":{"0":0,"1":0,"2":0,"3":0,"4":0,"5":0,"6":0},"f":{"0":0,"1":0,"2":0},"b":{"0":[0,0],"1":[0,0]},"_coverageSchema":"1a1c01bbd47fc00a2c39e90264f33305004495a9","hash":"7ebfd7fe42441fb4a848358d62659f680e68e42a"}
,"/home/caleb/front-end-capstone/client/src/components/Overview/StyleSelector/ThumbnailStyle.jsx": {"path":"/home/caleb/front-end-capstone/client/src/components/Overview/StyleSelector/ThumbnailStyle.jsx","statementMap":{"0":{"start":{"line":4,"column":34},"end":{"line":4,"column":59}},"1":{"start":{"line":6,"column":2},"end":{"line":8,"column":24}},"2":{"start":{"line":7,"column":4},"end":{"line":7,"column":33}},"3":{"start":{"line":10,"column":2},"end":{"line":17,"column":3}},"4":{"start":{"line":11,"column":52},"end":{"line":11,"column":80}}},"fnMap":{"0":{"name":"ThumbnailStyle","decl":{"start":{"line":3,"column":24},"end":{"line":3,"column":38}},"loc":{"start":{"line":3,"column":97},"end":{"line":18,"column":1}},"line":3},"1":{"name":"(anonymous_1)","decl":{"start":{"line":6,"column":12},"end":{"line":6,"column":13}},"loc":{"start":{"line":6,"column":18},"end":{"line":8,"column":3}},"line":6},"2":{"name":"(anonymous_2)","decl":{"start":{"line":11,"column":46},"end":{"line":11,"column":47}},"loc":{"start":{"line":11,"column":52},"end":{"line":11,"column":80}},"line":11}},"branchMap":{"0":{"loc":{"start":{"line":13,"column":7},"end":{"line":14,"column":61}},"type":"binary-expr","locations":[{"start":{"line":13,"column":7},"end":{"line":13,"column":15}},{"start":{"line":14,"column":8},"end":{"line":14,"column":61}}],"line":13}},"s":{"0":0,"1":0,"2":0,"3":0,"4":0},"f":{"0":0,"1":0,"2":0},"b":{"0":[0,0]},"_coverageSchema":"1a1c01bbd47fc00a2c39e90264f33305004495a9","hash":"1c00abfda21aa55836e14eca1b620a9d4530f8c0"}
,"/home/caleb/front-end-capstone/client/src/components/Q&A/Q&A.jsx": {"path":"/home/caleb/front-end-capstone/client/src/components/Q&A/Q&A.jsx","statementMap":{"0":{"start":{"line":9,"column":23},"end":{"line":9,"column":25}},"1":{"start":{"line":10,"column":24},"end":{"line":10,"column":26}},"2":{"start":{"line":11,"column":24},"end":{"line":11,"column":26}},"3":{"start":{"line":13,"column":12},"end":{"line":13,"column":13}},"4":{"start":{"line":21,"column":30},"end":{"line":21,"column":40}},"5":{"start":{"line":23,"column":43},"end":{"line":23,"column":70}},"6":{"start":{"line":24,"column":32},"end":{"line":24,"column":46}},"7":{"start":{"line":25,"column":33},"end":{"line":25,"column":45}},"8":{"start":{"line":26,"column":40},"end":{"line":26,"column":52}},"9":{"start":{"line":30,"column":24},"end":{"line":57,"column":3}},"10":{"start":{"line":31,"column":4},"end":{"line":56,"column":8}},"11":{"start":{"line":34,"column":27},"end":{"line":34,"column":50}},"12":{"start":{"line":36,"column":8},"end":{"line":38,"column":9}},"13":{"start":{"line":36,"column":22},"end":{"line":36,"column":23}},"14":{"start":{"line":37,"column":10},"end":{"line":37,"column":47}},"15":{"start":{"line":39,"column":8},"end":{"line":41,"column":9}},"16":{"start":{"line":40,"column":10},"end":{"line":40,"column":39}},"17":{"start":{"line":42,"column":8},"end":{"line":44,"column":9}},"18":{"start":{"line":42,"column":22},"end":{"line":42,"column":23}},"19":{"start":{"line":43,"column":10},"end":{"line":43,"column":52}},"20":{"start":{"line":45,"column":8},"end":{"line":45,"column":40}},"21":{"start":{"line":47,"column":8},"end":{"line":49,"column":9}},"22":{"start":{"line":48,"column":9},"end":{"line":48,"column":27}},"23":{"start":{"line":50,"column":8},"end":{"line":52,"column":9}},"24":{"start":{"line":51,"column":10},"end":{"line":51,"column":45}},"25":{"start":{"line":55,"column":8},"end":{"line":55,"column":27}},"26":{"start":{"line":63,"column":30},"end":{"line":109,"column":3}},"27":{"start":{"line":65,"column":4},"end":{"line":83,"column":5}},"28":{"start":{"line":67,"column":6},"end":{"line":71,"column":7}},"29":{"start":{"line":68,"column":8},"end":{"line":68,"column":37}},"30":{"start":{"line":70,"column":8},"end":{"line":70,"column":18}},"31":{"start":{"line":74,"column":6},"end":{"line":74,"column":29}},"32":{"start":{"line":75,"column":6},"end":{"line":77,"column":7}},"33":{"start":{"line":75,"column":20},"end":{"line":75,"column":21}},"34":{"start":{"line":76,"column":8},"end":{"line":76,"column":49}},"35":{"start":{"line":78,"column":6},"end":{"line":78,"column":38}},"36":{"start":{"line":79,"column":6},"end":{"line":79,"column":41}},"37":{"start":{"line":82,"column":6},"end":{"line":82,"column":13}},"38":{"start":{"line":85,"column":23},"end":{"line":85,"column":28}},"39":{"start":{"line":87,"column":4},"end":{"line":89,"column":5}},"40":{"start":{"line":88,"column":6},"end":{"line":88,"column":13}},"41":{"start":{"line":90,"column":4},"end":{"line":95,"column":5}},"42":{"start":{"line":91,"column":6},"end":{"line":91,"column":15}},"43":{"start":{"line":92,"column":6},"end":{"line":92,"column":36}},"44":{"start":{"line":94,"column":6},"end":{"line":94,"column":17}},"45":{"start":{"line":96,"column":24},"end":{"line":96,"column":26}},"46":{"start":{"line":99,"column":4},"end":{"line":102,"column":5}},"47":{"start":{"line":100,"column":6},"end":{"line":100,"column":55}},"48":{"start":{"line":103,"column":4},"end":{"line":105,"column":5}},"49":{"start":{"line":104,"column":6},"end":{"line":104,"column":36}},"50":{"start":{"line":107,"column":4},"end":{"line":107,"column":57}},"51":{"start":{"line":112,"column":23},"end":{"line":140,"column":3}},"52":{"start":{"line":113,"column":4},"end":{"line":113,"column":23}},"53":{"start":{"line":114,"column":4},"end":{"line":114,"column":34}},"54":{"start":{"line":116,"column":4},"end":{"line":134,"column":5}},"55":{"start":{"line":118,"column":6},"end":{"line":118,"column":29}},"56":{"start":{"line":121,"column":6},"end":{"line":128,"column":7}},"57":{"start":{"line":121,"column":18},"end":{"line":121,"column":19}},"58":{"start":{"line":122,"column":27},"end":{"line":122,"column":72}},"59":{"start":{"line":123,"column":8},"end":{"line":123,"column":52}},"60":{"start":{"line":125,"column":8},"end":{"line":127,"column":9}},"61":{"start":{"line":126,"column":10},"end":{"line":126,"column":51}},"62":{"start":{"line":132,"column":6},"end":{"line":132,"column":37}},"63":{"start":{"line":136,"column":4},"end":{"line":139,"column":5}},"64":{"start":{"line":138,"column":6},"end":{"line":138,"column":37}},"65":{"start":{"line":145,"column":2},"end":{"line":149,"column":8}},"66":{"start":{"line":147,"column":4},"end":{"line":147,"column":20}},"67":{"start":{"line":154,"column":2},"end":{"line":174,"column":3}},"68":{"start":{"line":155,"column":4},"end":{"line":155,"column":44}},"69":{"start":{"line":157,"column":4},"end":{"line":173,"column":5}},"70":{"start":{"line":165,"column":110},"end":{"line":165,"column":133}},"71":{"start":{"line":165,"column":134},"end":{"line":165,"column":156}},"72":{"start":{"line":165,"column":157},"end":{"line":165,"column":187}}},"fnMap":{"0":{"name":"QANDA","decl":{"start":{"line":17,"column":24},"end":{"line":17,"column":29}},"loc":{"start":{"line":17,"column":37},"end":{"line":176,"column":1}},"line":17},"1":{"name":"(anonymous_1)","decl":{"start":{"line":30,"column":24},"end":{"line":30,"column":25}},"loc":{"start":{"line":30,"column":30},"end":{"line":57,"column":3}},"line":30},"2":{"name":"(anonymous_2)","decl":{"start":{"line":32,"column":12},"end":{"line":32,"column":13}},"loc":{"start":{"line":32,"column":28},"end":{"line":53,"column":7}},"line":32},"3":{"name":"(anonymous_3)","decl":{"start":{"line":54,"column":13},"end":{"line":54,"column":14}},"loc":{"start":{"line":54,"column":24},"end":{"line":56,"column":7}},"line":54},"4":{"name":"(anonymous_4)","decl":{"start":{"line":63,"column":30},"end":{"line":63,"column":31}},"loc":{"start":{"line":63,"column":36},"end":{"line":109,"column":3}},"line":63},"5":{"name":"(anonymous_5)","decl":{"start":{"line":112,"column":23},"end":{"line":112,"column":24}},"loc":{"start":{"line":112,"column":30},"end":{"line":140,"column":3}},"line":112},"6":{"name":"(anonymous_6)","decl":{"start":{"line":145,"column":13},"end":{"line":145,"column":14}},"loc":{"start":{"line":145,"column":19},"end":{"line":149,"column":3}},"line":145},"7":{"name":"(anonymous_7)","decl":{"start":{"line":165,"column":98},"end":{"line":165,"column":99}},"loc":{"start":{"line":165,"column":109},"end":{"line":165,"column":188}},"line":165}},"branchMap":{"0":{"loc":{"start":{"line":39,"column":8},"end":{"line":41,"column":9}},"type":"if","locations":[{"start":{"line":39,"column":8},"end":{"line":41,"column":9}},{"start":{},"end":{}}],"line":39},"1":{"loc":{"start":{"line":47,"column":8},"end":{"line":49,"column":9}},"type":"if","locations":[{"start":{"line":47,"column":8},"end":{"line":49,"column":9}},{"start":{},"end":{}}],"line":47},"2":{"loc":{"start":{"line":50,"column":8},"end":{"line":52,"column":9}},"type":"if","locations":[{"start":{"line":50,"column":8},"end":{"line":52,"column":9}},{"start":{},"end":{}}],"line":50},"3":{"loc":{"start":{"line":65,"column":4},"end":{"line":83,"column":5}},"type":"if","locations":[{"start":{"line":65,"column":4},"end":{"line":83,"column":5}},{"start":{},"end":{}}],"line":65},"4":{"loc":{"start":{"line":67,"column":6},"end":{"line":71,"column":7}},"type":"if","locations":[{"start":{"line":67,"column":6},"end":{"line":71,"column":7}},{"start":{"line":69,"column":13},"end":{"line":71,"column":7}}],"line":67},"5":{"loc":{"start":{"line":87,"column":4},"end":{"line":89,"column":5}},"type":"if","locations":[{"start":{"line":87,"column":4},"end":{"line":89,"column":5}},{"start":{},"end":{}}],"line":87},"6":{"loc":{"start":{"line":90,"column":4},"end":{"line":95,"column":5}},"type":"if","locations":[{"start":{"line":90,"column":4},"end":{"line":95,"column":5}},{"start":{"line":93,"column":11},"end":{"line":95,"column":5}}],"line":90},"7":{"loc":{"start":{"line":103,"column":4},"end":{"line":105,"column":5}},"type":"if","locations":[{"start":{"line":103,"column":4},"end":{"line":105,"column":5}},{"start":{},"end":{}}],"line":103},"8":{"loc":{"start":{"line":116,"column":4},"end":{"line":134,"column":5}},"type":"if","locations":[{"start":{"line":116,"column":4},"end":{"line":134,"column":5}},{"start":{},"end":{}}],"line":116},"9":{"loc":{"start":{"line":125,"column":8},"end":{"line":127,"column":9}},"type":"if","locations":[{"start":{"line":125,"column":8},"end":{"line":127,"column":9}},{"start":{},"end":{}}],"line":125},"10":{"loc":{"start":{"line":136,"column":4},"end":{"line":139,"column":5}},"type":"if","locations":[{"start":{"line":136,"column":4},"end":{"line":139,"column":5}},{"start":{},"end":{}}],"line":136},"11":{"loc":{"start":{"line":154,"column":2},"end":{"line":174,"column":3}},"type":"if","locations":[{"start":{"line":154,"column":2},"end":{"line":174,"column":3}},{"start":{"line":156,"column":9},"end":{"line":174,"column":3}}],"line":154},"12":{"loc":{"start":{"line":163,"column":9},"end":{"line":163,"column":156}},"type":"cond-expr","locations":[{"start":{"line":163,"column":39},"end":{"line":163,"column":149}},{"start":{"line":163,"column":152},"end":{"line":163,"column":156}}],"line":163},"13":{"loc":{"start":{"line":165,"column":9},"end":{"line":165,"column":212}},"type":"cond-expr","locations":[{"start":{"line":165,"column":39},"end":{"line":165,"column":43}},{"start":{"line":165,"column":46},"end":{"line":165,"column":212}}],"line":165}},"s":{"0":1,"1":1,"2":1,"3":1,"4":0,"5":0,"6":0,"7":0,"8":0,"9":0,"10":0,"11":0,"12":0,"13":0,"14":0,"15":0,"16":0,"17":0,"18":0,"19":0,"20":0,"21":0,"22":0,"23":0,"24":0,"25":0,"26":0,"27":0,"28":0,"29":0,"30":0,"31":0,"32":0,"33":0,"34":0,"35":0,"36":0,"37":0,"38":0,"39":0,"40":0,"41":0,"42":0,"43":0,"44":0,"45":0,"46":0,"47":0,"48":0,"49":0,"50":0,"51":0,"52":0,"53":0,"54":0,"55":0,"56":0,"57":0,"58":0,"59":0,"60":0,"61":0,"62":0,"63":0,"64":0,"65":0,"66":0,"67":0,"68":0,"69":0,"70":0,"71":0,"72":0},"f":{"0":0,"1":0,"2":0,"3":0,"4":0,"5":0,"6":0,"7":0},"b":{"0":[0,0],"1":[0,0],"2":[0,0],"3":[0,0],"4":[0,0],"5":[0,0],"6":[0,0],"7":[0,0],"8":[0,0],"9":[0,0],"10":[0,0],"11":[0,0],"12":[0,0],"13":[0,0]},"_coverageSchema":"1a1c01bbd47fc00a2c39e90264f33305004495a9","hash":"86564a2492adb50bd053a504558a0f891ac6d454"}
,"/home/caleb/front-end-capstone/client/src/components/Q&A/Modal/AnswerModal.jsx": {"path":"/home/caleb/front-end-capstone/client/src/components/Q&A/Modal/AnswerModal.jsx","statementMap":{"0":{"start":{"line":8,"column":22},"end":{"line":14,"column":1}},"1":{"start":{"line":21,"column":22},"end":{"line":21,"column":24}},"2":{"start":{"line":24,"column":14},"end":{"line":182,"column":1}},"3":{"start":{"line":27,"column":30},"end":{"line":27,"column":41}},"4":{"start":{"line":28,"column":4},"end":{"line":28,"column":46}},"5":{"start":{"line":28,"column":17},"end":{"line":28,"column":45}},"6":{"start":{"line":28,"column":35},"end":{"line":28,"column":44}},"7":{"start":{"line":31,"column":20},"end":{"line":31,"column":36}},"8":{"start":{"line":34,"column":35},"end":{"line":34,"column":58}},"9":{"start":{"line":35,"column":38},"end":{"line":35,"column":63}},"10":{"start":{"line":37,"column":26},"end":{"line":44,"column":3}},"11":{"start":{"line":38,"column":26},"end":{"line":38,"column":38}},"12":{"start":{"line":40,"column":4},"end":{"line":43,"column":6}},"13":{"start":{"line":46,"column":18},"end":{"line":55,"column":3}},"14":{"start":{"line":47,"column":17},"end":{"line":47,"column":33}},"15":{"start":{"line":48,"column":4},"end":{"line":48,"column":31}},"16":{"start":{"line":49,"column":4},"end":{"line":51,"column":6}},"17":{"start":{"line":50,"column":8},"end":{"line":50,"column":25}},"18":{"start":{"line":52,"column":4},"end":{"line":54,"column":6}},"19":{"start":{"line":53,"column":8},"end":{"line":53,"column":38}},"20":{"start":{"line":57,"column":21},"end":{"line":79,"column":3}},"21":{"start":{"line":58,"column":4},"end":{"line":58,"column":27}},"22":{"start":{"line":61,"column":23},"end":{"line":66,"column":5}},"23":{"start":{"line":68,"column":4},"end":{"line":78,"column":8}},"24":{"start":{"line":71,"column":8},"end":{"line":71,"column":32}},"25":{"start":{"line":72,"column":8},"end":{"line":72,"column":29}},"26":{"start":{"line":73,"column":8},"end":{"line":73,"column":38}},"27":{"start":{"line":74,"column":8},"end":{"line":74,"column":15}},"28":{"start":{"line":77,"column":8},"end":{"line":77,"column":36}},"29":{"start":{"line":81,"column":20},"end":{"line":106,"column":3}},"30":{"start":{"line":82,"column":4},"end":{"line":82,"column":27}},"31":{"start":{"line":84,"column":15},"end":{"line":84,"column":41}},"32":{"start":{"line":87,"column":4},"end":{"line":101,"column":6}},"33":{"start":{"line":89,"column":22},"end":{"line":89,"column":57}},"34":{"start":{"line":90,"column":6},"end":{"line":100,"column":10}},"35":{"start":{"line":92,"column":10},"end":{"line":92,"column":54}},"36":{"start":{"line":96,"column":10},"end":{"line":96,"column":40}},"37":{"start":{"line":98,"column":10},"end":{"line":98,"column":24}},"38":{"start":{"line":108,"column":20},"end":{"line":111,"column":3}},"39":{"start":{"line":109,"column":4},"end":{"line":109,"column":28}},"40":{"start":{"line":110,"column":4},"end":{"line":110,"column":22}},"41":{"start":{"line":120,"column":2},"end":{"line":180,"column":3}},"42":{"start":{"line":121,"column":4},"end":{"line":177,"column":5}},"43":{"start":{"line":127,"column":119},"end":{"line":127,"column":126}},"44":{"start":{"line":127,"column":127},"end":{"line":127,"column":141}},"45":{"start":{"line":169,"column":14},"end":{"line":169,"column":98}},"46":{"start":{"line":179,"column":4},"end":{"line":179,"column":15}}},"fnMap":{"0":{"name":"(anonymous_0)","decl":{"start":{"line":24,"column":14},"end":{"line":24,"column":15}},"loc":{"start":{"line":24,"column":41},"end":{"line":182,"column":1}},"line":24},"1":{"name":"useForceUpdate","decl":{"start":{"line":26,"column":11},"end":{"line":26,"column":25}},"loc":{"start":{"line":26,"column":27},"end":{"line":29,"column":3}},"line":26},"2":{"name":"(anonymous_2)","decl":{"start":{"line":28,"column":11},"end":{"line":28,"column":12}},"loc":{"start":{"line":28,"column":17},"end":{"line":28,"column":45}},"line":28},"3":{"name":"(anonymous_3)","decl":{"start":{"line":28,"column":26},"end":{"line":28,"column":27}},"loc":{"start":{"line":28,"column":35},"end":{"line":28,"column":44}},"line":28},"4":{"name":"(anonymous_4)","decl":{"start":{"line":37,"column":26},"end":{"line":37,"column":27}},"loc":{"start":{"line":37,"column":37},"end":{"line":44,"column":3}},"line":37},"5":{"name":"(anonymous_5)","decl":{"start":{"line":46,"column":18},"end":{"line":46,"column":19}},"loc":{"start":{"line":46,"column":32},"end":{"line":55,"column":3}},"line":46},"6":{"name":"(anonymous_6)","decl":{"start":{"line":49,"column":20},"end":{"line":49,"column":21}},"loc":{"start":{"line":49,"column":32},"end":{"line":51,"column":5}},"line":49},"7":{"name":"(anonymous_7)","decl":{"start":{"line":52,"column":21},"end":{"line":52,"column":22}},"loc":{"start":{"line":52,"column":38},"end":{"line":54,"column":5}},"line":52},"8":{"name":"(anonymous_8)","decl":{"start":{"line":57,"column":21},"end":{"line":57,"column":22}},"loc":{"start":{"line":57,"column":27},"end":{"line":79,"column":3}},"line":57},"9":{"name":"(anonymous_9)","decl":{"start":{"line":69,"column":12},"end":{"line":69,"column":13}},"loc":{"start":{"line":69,"column":24},"end":{"line":75,"column":7}},"line":69},"10":{"name":"(anonymous_10)","decl":{"start":{"line":76,"column":13},"end":{"line":76,"column":14}},"loc":{"start":{"line":76,"column":24},"end":{"line":78,"column":7}},"line":76},"11":{"name":"(anonymous_11)","decl":{"start":{"line":81,"column":20},"end":{"line":81,"column":21}},"loc":{"start":{"line":81,"column":31},"end":{"line":106,"column":3}},"line":81},"12":{"name":"(anonymous_12)","decl":{"start":{"line":87,"column":37},"end":{"line":87,"column":38}},"loc":{"start":{"line":87,"column":49},"end":{"line":101,"column":5}},"line":87},"13":{"name":"(anonymous_13)","decl":{"start":{"line":91,"column":14},"end":{"line":91,"column":15}},"loc":{"start":{"line":91,"column":33},"end":{"line":100,"column":9}},"line":91},"14":{"name":"(anonymous_14)","decl":{"start":{"line":108,"column":20},"end":{"line":108,"column":21}},"loc":{"start":{"line":108,"column":26},"end":{"line":111,"column":3}},"line":108},"15":{"name":"(anonymous_15)","decl":{"start":{"line":127,"column":114},"end":{"line":127,"column":115}},"loc":{"start":{"line":127,"column":118},"end":{"line":127,"column":142}},"line":127},"16":{"name":"(anonymous_16)","decl":{"start":{"line":168,"column":52},"end":{"line":168,"column":53}},"loc":{"start":{"line":168,"column":69},"end":{"line":170,"column":13}},"line":168}},"branchMap":{"0":{"loc":{"start":{"line":120,"column":2},"end":{"line":180,"column":3}},"type":"if","locations":[{"start":{"line":120,"column":2},"end":{"line":180,"column":3}},{"start":{"line":178,"column":9},"end":{"line":180,"column":3}}],"line":120},"1":{"loc":{"start":{"line":167,"column":13},"end":{"line":167,"column":110}},"type":"cond-expr","locations":[{"start":{"line":167,"column":37},"end":{"line":167,"column":103}},{"start":{"line":167,"column":106},"end":{"line":167,"column":110}}],"line":167},"2":{"loc":{"start":{"line":168,"column":13},"end":{"line":170,"column":20}},"type":"cond-expr","locations":[{"start":{"line":168,"column":37},"end":{"line":170,"column":14}},{"start":{"line":170,"column":16},"end":{"line":170,"column":20}}],"line":168}},"s":{"0":1,"1":1,"2":1,"3":0,"4":0,"5":0,"6":0,"7":0,"8":0,"9":0,"10":0,"11":0,"12":0,"13":0,"14":0,"15":0,"16":0,"17":0,"18":0,"19":0,"20":0,"21":0,"22":0,"23":0,"24":0,"25":0,"26":0,"27":0,"28":0,"29":0,"30":0,"31":0,"32":0,"33":0,"34":0,"35":0,"36":0,"37":0,"38":0,"39":0,"40":0,"41":0,"42":0,"43":0,"44":0,"45":0,"46":0},"f":{"0":0,"1":0,"2":0,"3":0,"4":0,"5":0,"6":0,"7":0,"8":0,"9":0,"10":0,"11":0,"12":0,"13":0,"14":0,"15":0,"16":0},"b":{"0":[0,0],"1":[0,0],"2":[0,0]},"_coverageSchema":"1a1c01bbd47fc00a2c39e90264f33305004495a9","hash":"d8c9507089f47974bc8ddda79d874fd1377feb15"}
,"/home/caleb/front-end-capstone/client/src/components/Q&A/Modal/QuestionModal.jsx": {"path":"/home/caleb/front-end-capstone/client/src/components/Q&A/Modal/QuestionModal.jsx","statementMap":{"0":{"start":{"line":8,"column":22},"end":{"line":14,"column":1}},"1":{"start":{"line":16,"column":14},"end":{"line":121,"column":1}},"2":{"start":{"line":20,"column":35},"end":{"line":20,"column":58}},"3":{"start":{"line":22,"column":26},"end":{"line":29,"column":3}},"4":{"start":{"line":23,"column":26},"end":{"line":23,"column":38}},"5":{"start":{"line":25,"column":4},"end":{"line":28,"column":6}},"6":{"start":{"line":32,"column":21},"end":{"line":52,"column":3}},"7":{"start":{"line":33,"column":4},"end":{"line":33,"column":27}},"8":{"start":{"line":36,"column":25},"end":{"line":41,"column":5}},"9":{"start":{"line":43,"column":4},"end":{"line":51,"column":8}},"10":{"start":{"line":45,"column":8},"end":{"line":45,"column":49}},"11":{"start":{"line":46,"column":8},"end":{"line":46,"column":32}},"12":{"start":{"line":47,"column":8},"end":{"line":47,"column":15}},"13":{"start":{"line":50,"column":8},"end":{"line":50,"column":36}},"14":{"start":{"line":65,"column":2},"end":{"line":119,"column":3}},"15":{"start":{"line":66,"column":4},"end":{"line":116,"column":5}},"16":{"start":{"line":118,"column":4},"end":{"line":118,"column":15}}},"fnMap":{"0":{"name":"(anonymous_0)","decl":{"start":{"line":16,"column":14},"end":{"line":16,"column":15}},"loc":{"start":{"line":16,"column":41},"end":{"line":121,"column":1}},"line":16},"1":{"name":"(anonymous_1)","decl":{"start":{"line":22,"column":26},"end":{"line":22,"column":27}},"loc":{"start":{"line":22,"column":37},"end":{"line":29,"column":3}},"line":22},"2":{"name":"(anonymous_2)","decl":{"start":{"line":32,"column":21},"end":{"line":32,"column":22}},"loc":{"start":{"line":32,"column":27},"end":{"line":52,"column":3}},"line":32},"3":{"name":"(anonymous_3)","decl":{"start":{"line":44,"column":12},"end":{"line":44,"column":13}},"loc":{"start":{"line":44,"column":24},"end":{"line":48,"column":7}},"line":44},"4":{"name":"(anonymous_4)","decl":{"start":{"line":49,"column":13},"end":{"line":49,"column":14}},"loc":{"start":{"line":49,"column":24},"end":{"line":51,"column":7}},"line":49}},"branchMap":{"0":{"loc":{"start":{"line":65,"column":2},"end":{"line":119,"column":3}},"type":"if","locations":[{"start":{"line":65,"column":2},"end":{"line":119,"column":3}},{"start":{"line":117,"column":9},"end":{"line":119,"column":3}}],"line":65}},"s":{"0":1,"1":1,"2":0,"3":0,"4":0,"5":0,"6":0,"7":0,"8":0,"9":0,"10":0,"11":0,"12":0,"13":0,"14":0,"15":0,"16":0},"f":{"0":0,"1":0,"2":0,"3":0,"4":0},"b":{"0":[0,0]},"_coverageSchema":"1a1c01bbd47fc00a2c39e90264f33305004495a9","hash":"9ed74e179c0f2f1256969f2e6d956122462d7ef3"}
,"/home/caleb/front-end-capstone/client/src/components/Q&A/QuestionList/QuestionList.jsx": {"path":"/home/caleb/front-end-capstone/client/src/components/Q&A/QuestionList/QuestionList.jsx","statementMap":{"0":{"start":{"line":13,"column":2},"end":{"line":20,"column":3}},"1":{"start":{"line":17,"column":8},"end":{"line":17,"column":132}}},"fnMap":{"0":{"name":"QuestionList","decl":{"start":{"line":8,"column":24},"end":{"line":8,"column":36}},"loc":{"start":{"line":8,"column":44},"end":{"line":21,"column":1}},"line":8},"1":{"name":"(anonymous_1)","decl":{"start":{"line":15,"column":30},"end":{"line":15,"column":31}},"loc":{"start":{"line":15,"column":50},"end":{"line":18,"column":7}},"line":15}},"branchMap":{},"s":{"0":0,"1":0},"f":{"0":0,"1":0},"b":{},"_coverageSchema":"1a1c01bbd47fc00a2c39e90264f33305004495a9","hash":"d0d65affad6cea3b91f806e6d1e56703272423df"}
,"/home/caleb/front-end-capstone/client/src/components/Q&A/QuestionList/Question/IndAnswer.jsx": {"path":"/home/caleb/front-end-capstone/client/src/components/Q&A/QuestionList/Question/IndAnswer.jsx","statementMap":{"0":{"start":{"line":11,"column":21},"end":{"line":11,"column":39}},"1":{"start":{"line":12,"column":28},"end":{"line":12,"column":50}},"2":{"start":{"line":13,"column":48},"end":{"line":13,"column":67}},"3":{"start":{"line":14,"column":46},"end":{"line":14,"column":61}},"4":{"start":{"line":16,"column":31},"end":{"line":31,"column":3}},"5":{"start":{"line":17,"column":4},"end":{"line":17,"column":27}},"6":{"start":{"line":18,"column":4},"end":{"line":20,"column":5}},"7":{"start":{"line":19,"column":6},"end":{"line":19,"column":13}},"8":{"start":{"line":21,"column":4},"end":{"line":30,"column":8}},"9":{"start":{"line":23,"column":8},"end":{"line":23,"column":22}},"10":{"start":{"line":25,"column":8},"end":{"line":25,"column":31}},"11":{"start":{"line":26,"column":8},"end":{"line":26,"column":32}},"12":{"start":{"line":29,"column":8},"end":{"line":29,"column":26}},"13":{"start":{"line":33,"column":24},"end":{"line":45,"column":3}},"14":{"start":{"line":34,"column":4},"end":{"line":34,"column":27}},"15":{"start":{"line":35,"column":4},"end":{"line":37,"column":5}},"16":{"start":{"line":36,"column":6},"end":{"line":36,"column":13}},"17":{"start":{"line":38,"column":4},"end":{"line":44,"column":8}},"18":{"start":{"line":40,"column":8},"end":{"line":40,"column":39}},"19":{"start":{"line":43,"column":8},"end":{"line":43,"column":26}},"20":{"start":{"line":49,"column":2},"end":{"line":62,"column":3}},"21":{"start":{"line":56,"column":65},"end":{"line":56,"column":85}},"22":{"start":{"line":56,"column":86},"end":{"line":56,"column":110}},"23":{"start":{"line":57,"column":64},"end":{"line":57,"column":84}},"24":{"start":{"line":57,"column":85},"end":{"line":57,"column":102}}},"fnMap":{"0":{"name":"IndAnswer","decl":{"start":{"line":8,"column":24},"end":{"line":8,"column":33}},"loc":{"start":{"line":8,"column":70},"end":{"line":64,"column":1}},"line":8},"1":{"name":"(anonymous_1)","decl":{"start":{"line":16,"column":31},"end":{"line":16,"column":32}},"loc":{"start":{"line":16,"column":42},"end":{"line":31,"column":3}},"line":16},"2":{"name":"(anonymous_2)","decl":{"start":{"line":22,"column":12},"end":{"line":22,"column":13}},"loc":{"start":{"line":22,"column":24},"end":{"line":27,"column":7}},"line":22},"3":{"name":"(anonymous_3)","decl":{"start":{"line":28,"column":13},"end":{"line":28,"column":14}},"loc":{"start":{"line":28,"column":24},"end":{"line":30,"column":7}},"line":28},"4":{"name":"(anonymous_4)","decl":{"start":{"line":33,"column":24},"end":{"line":33,"column":25}},"loc":{"start":{"line":33,"column":35},"end":{"line":45,"column":3}},"line":33},"5":{"name":"(anonymous_5)","decl":{"start":{"line":39,"column":12},"end":{"line":39,"column":13}},"loc":{"start":{"line":39,"column":24},"end":{"line":41,"column":7}},"line":39},"6":{"name":"(anonymous_6)","decl":{"start":{"line":42,"column":13},"end":{"line":42,"column":14}},"loc":{"start":{"line":42,"column":24},"end":{"line":44,"column":7}},"line":42},"7":{"name":"(anonymous_7)","decl":{"start":{"line":56,"column":59},"end":{"line":56,"column":60}},"loc":{"start":{"line":56,"column":64},"end":{"line":56,"column":111}},"line":56},"8":{"name":"(anonymous_8)","decl":{"start":{"line":57,"column":58},"end":{"line":57,"column":59}},"loc":{"start":{"line":57,"column":63},"end":{"line":57,"column":103}},"line":57}},"branchMap":{"0":{"loc":{"start":{"line":18,"column":4},"end":{"line":20,"column":5}},"type":"if","locations":[{"start":{"line":18,"column":4},"end":{"line":20,"column":5}},{"start":{},"end":{}}],"line":18},"1":{"loc":{"start":{"line":35,"column":4},"end":{"line":37,"column":5}},"type":"if","locations":[{"start":{"line":35,"column":4},"end":{"line":37,"column":5}},{"start":{},"end":{}}],"line":35},"2":{"loc":{"start":{"line":54,"column":7},"end":{"line":54,"column":253}},"type":"cond-expr","locations":[{"start":{"line":54,"column":16},"end":{"line":54,"column":132}},{"start":{"line":54,"column":135},"end":{"line":54,"column":253}}],"line":54}},"s":{"0":0,"1":0,"2":0,"3":0,"4":0,"5":0,"6":0,"7":0,"8":0,"9":0,"10":0,"11":0,"12":0,"13":0,"14":0,"15":0,"16":0,"17":0,"18":0,"19":0,"20":0,"21":0,"22":0,"23":0,"24":0},"f":{"0":0,"1":0,"2":0,"3":0,"4":0,"5":0,"6":0,"7":0,"8":0},"b":{"0":[0,0],"1":[0,0],"2":[0,0]},"_coverageSchema":"1a1c01bbd47fc00a2c39e90264f33305004495a9","hash":"e1a5066090997d09577ecc2c94e9749524502fac"}
,"/home/caleb/front-end-capstone/client/src/components/Q&A/QuestionList/Question/IndQuestion.jsx": {"path":"/home/caleb/front-end-capstone/client/src/components/Q&A/QuestionList/Question/IndQuestion.jsx","statementMap":{"0":{"start":{"line":11,"column":23},"end":{"line":11,"column":25}},"1":{"start":{"line":17,"column":21},"end":{"line":17,"column":50}},"2":{"start":{"line":20,"column":30},"end":{"line":20,"column":40}},"3":{"start":{"line":32,"column":2},"end":{"line":34,"column":3}},"4":{"start":{"line":33,"column":4},"end":{"line":33,"column":46}},"5":{"start":{"line":36,"column":22},"end":{"line":36,"column":92}},"6":{"start":{"line":36,"column":51},"end":{"line":36,"column":91}},"7":{"start":{"line":37,"column":2},"end":{"line":41,"column":3}},"8":{"start":{"line":38,"column":4},"end":{"line":38,"column":35}},"9":{"start":{"line":40,"column":4},"end":{"line":40,"column":44}},"10":{"start":{"line":44,"column":36},"end":{"line":44,"column":64}},"11":{"start":{"line":45,"column":38},"end":{"line":45,"column":63}},"12":{"start":{"line":46,"column":28},"end":{"line":46,"column":50}},"13":{"start":{"line":47,"column":46},"end":{"line":47,"column":61}},"14":{"start":{"line":48,"column":48},"end":{"line":48,"column":67}},"15":{"start":{"line":50,"column":23},"end":{"line":52,"column":3}},"16":{"start":{"line":51,"column":4},"end":{"line":51,"column":31}},"17":{"start":{"line":54,"column":36},"end":{"line":75,"column":3}},"18":{"start":{"line":56,"column":4},"end":{"line":62,"column":5}},"19":{"start":{"line":59,"column":6},"end":{"line":59,"column":37}},"20":{"start":{"line":60,"column":6},"end":{"line":60,"column":46}},"21":{"start":{"line":61,"column":6},"end":{"line":61,"column":13}},"22":{"start":{"line":63,"column":23},"end":{"line":63,"column":25}},"23":{"start":{"line":66,"column":4},"end":{"line":68,"column":5}},"24":{"start":{"line":66,"column":16},"end":{"line":66,"column":17}},"25":{"start":{"line":67,"column":6},"end":{"line":67,"column":41}},"26":{"start":{"line":72,"column":4},"end":{"line":72,"column":51}},"27":{"start":{"line":73,"column":4},"end":{"line":73,"column":36}},"28":{"start":{"line":77,"column":31},"end":{"line":91,"column":3}},"29":{"start":{"line":78,"column":4},"end":{"line":78,"column":27}},"30":{"start":{"line":79,"column":4},"end":{"line":81,"column":5}},"31":{"start":{"line":80,"column":6},"end":{"line":80,"column":13}},"32":{"start":{"line":82,"column":4},"end":{"line":90,"column":8}},"33":{"start":{"line":84,"column":8},"end":{"line":84,"column":22}},"34":{"start":{"line":85,"column":8},"end":{"line":85,"column":31}},"35":{"start":{"line":86,"column":8},"end":{"line":86,"column":32}},"36":{"start":{"line":89,"column":8},"end":{"line":89,"column":26}},"37":{"start":{"line":92,"column":25},"end":{"line":104,"column":3}},"38":{"start":{"line":93,"column":4},"end":{"line":93,"column":27}},"39":{"start":{"line":94,"column":4},"end":{"line":96,"column":5}},"40":{"start":{"line":95,"column":6},"end":{"line":95,"column":13}},"41":{"start":{"line":97,"column":4},"end":{"line":103,"column":8}},"42":{"start":{"line":99,"column":8},"end":{"line":99,"column":39}},"43":{"start":{"line":102,"column":8},"end":{"line":102,"column":26}},"44":{"start":{"line":109,"column":2},"end":{"line":138,"column":3}},"45":{"start":{"line":114,"column":25},"end":{"line":114,"column":49}},"46":{"start":{"line":114,"column":50},"end":{"line":114,"column":70}},"47":{"start":{"line":115,"column":25},"end":{"line":115,"column":49}},"48":{"start":{"line":115,"column":50},"end":{"line":115,"column":70}},"49":{"start":{"line":117,"column":49},"end":{"line":117,"column":58}},"50":{"start":{"line":117,"column":59},"end":{"line":117,"column":79}},"51":{"start":{"line":129,"column":8},"end":{"line":131,"column":9}},"52":{"start":{"line":130,"column":10},"end":{"line":130,"column":121}},"53":{"start":{"line":132,"column":8},"end":{"line":132,"column":120}},"54":{"start":{"line":136,"column":96},"end":{"line":136,"column":115}},"55":{"start":{"line":136,"column":116},"end":{"line":136,"column":144}},"56":{"start":{"line":136,"column":145},"end":{"line":136,"column":164}}},"fnMap":{"0":{"name":"IndQuestion","decl":{"start":{"line":10,"column":24},"end":{"line":10,"column":35}},"loc":{"start":{"line":10,"column":70},"end":{"line":139,"column":1}},"line":10},"1":{"name":"(anonymous_1)","decl":{"start":{"line":36,"column":42},"end":{"line":36,"column":43}},"loc":{"start":{"line":36,"column":51},"end":{"line":36,"column":91}},"line":36},"2":{"name":"(anonymous_2)","decl":{"start":{"line":50,"column":23},"end":{"line":50,"column":24}},"loc":{"start":{"line":50,"column":35},"end":{"line":52,"column":3}},"line":50},"3":{"name":"(anonymous_3)","decl":{"start":{"line":54,"column":36},"end":{"line":54,"column":37}},"loc":{"start":{"line":54,"column":42},"end":{"line":75,"column":3}},"line":54},"4":{"name":"(anonymous_4)","decl":{"start":{"line":77,"column":31},"end":{"line":77,"column":32}},"loc":{"start":{"line":77,"column":42},"end":{"line":91,"column":3}},"line":77},"5":{"name":"(anonymous_5)","decl":{"start":{"line":83,"column":12},"end":{"line":83,"column":13}},"loc":{"start":{"line":83,"column":24},"end":{"line":87,"column":7}},"line":83},"6":{"name":"(anonymous_6)","decl":{"start":{"line":88,"column":13},"end":{"line":88,"column":14}},"loc":{"start":{"line":88,"column":24},"end":{"line":90,"column":7}},"line":88},"7":{"name":"(anonymous_7)","decl":{"start":{"line":92,"column":25},"end":{"line":92,"column":26}},"loc":{"start":{"line":92,"column":36},"end":{"line":104,"column":3}},"line":92},"8":{"name":"(anonymous_8)","decl":{"start":{"line":98,"column":12},"end":{"line":98,"column":13}},"loc":{"start":{"line":98,"column":24},"end":{"line":100,"column":7}},"line":98},"9":{"name":"(anonymous_9)","decl":{"start":{"line":101,"column":13},"end":{"line":101,"column":14}},"loc":{"start":{"line":101,"column":24},"end":{"line":103,"column":7}},"line":101},"10":{"name":"(anonymous_10)","decl":{"start":{"line":114,"column":19},"end":{"line":114,"column":20}},"loc":{"start":{"line":114,"column":24},"end":{"line":114,"column":71}},"line":114},"11":{"name":"(anonymous_11)","decl":{"start":{"line":115,"column":19},"end":{"line":115,"column":20}},"loc":{"start":{"line":115,"column":24},"end":{"line":115,"column":71}},"line":115},"12":{"name":"(anonymous_12)","decl":{"start":{"line":117,"column":43},"end":{"line":117,"column":44}},"loc":{"start":{"line":117,"column":48},"end":{"line":117,"column":80}},"line":117},"13":{"name":"(anonymous_13)","decl":{"start":{"line":127,"column":22},"end":{"line":127,"column":23}},"loc":{"start":{"line":127,"column":40},"end":{"line":134,"column":7}},"line":127},"14":{"name":"(anonymous_14)","decl":{"start":{"line":136,"column":88},"end":{"line":136,"column":89}},"loc":{"start":{"line":136,"column":95},"end":{"line":136,"column":165}},"line":136}},"branchMap":{"0":{"loc":{"start":{"line":36,"column":51},"end":{"line":36,"column":91}},"type":"cond-expr","locations":[{"start":{"line":36,"column":85},"end":{"line":36,"column":87}},{"start":{"line":36,"column":90},"end":{"line":36,"column":91}}],"line":36},"1":{"loc":{"start":{"line":37,"column":2},"end":{"line":41,"column":3}},"type":"if","locations":[{"start":{"line":37,"column":2},"end":{"line":41,"column":3}},{"start":{"line":39,"column":9},"end":{"line":41,"column":3}}],"line":37},"2":{"loc":{"start":{"line":56,"column":4},"end":{"line":62,"column":5}},"type":"if","locations":[{"start":{"line":56,"column":4},"end":{"line":62,"column":5}},{"start":{},"end":{}}],"line":56},"3":{"loc":{"start":{"line":79,"column":4},"end":{"line":81,"column":5}},"type":"if","locations":[{"start":{"line":79,"column":4},"end":{"line":81,"column":5}},{"start":{},"end":{}}],"line":79},"4":{"loc":{"start":{"line":94,"column":4},"end":{"line":96,"column":5}},"type":"if","locations":[{"start":{"line":94,"column":4},"end":{"line":96,"column":5}},{"start":{},"end":{}}],"line":94},"5":{"loc":{"start":{"line":118,"column":7},"end":{"line":118,"column":110}},"type":"cond-expr","locations":[{"start":{"line":118,"column":31},"end":{"line":118,"column":103}},{"start":{"line":118,"column":106},"end":{"line":118,"column":110}}],"line":118},"6":{"loc":{"start":{"line":129,"column":8},"end":{"line":131,"column":9}},"type":"if","locations":[{"start":{"line":129,"column":8},"end":{"line":131,"column":9}},{"start":{},"end":{}}],"line":129},"7":{"loc":{"start":{"line":136,"column":7},"end":{"line":136,"column":192}},"type":"cond-expr","locations":[{"start":{"line":136,"column":34},"end":{"line":136,"column":185}},{"start":{"line":136,"column":188},"end":{"line":136,"column":192}}],"line":136}},"s":{"0":0,"1":0,"2":0,"3":0,"4":0,"5":0,"6":0,"7":0,"8":0,"9":0,"10":0,"11":0,"12":0,"13":0,"14":0,"15":0,"16":0,"17":0,"18":0,"19":0,"20":0,"21":0,"22":0,"23":0,"24":0,"25":0,"26":0,"27":0,"28":0,"29":0,"30":0,"31":0,"32":0,"33":0,"34":0,"35":0,"36":0,"37":0,"38":0,"39":0,"40":0,"41":0,"42":0,"43":0,"44":0,"45":0,"46":0,"47":0,"48":0,"49":0,"50":0,"51":0,"52":0,"53":0,"54":0,"55":0,"56":0},"f":{"0":0,"1":0,"2":0,"3":0,"4":0,"5":0,"6":0,"7":0,"8":0,"9":0,"10":0,"11":0,"12":0,"13":0,"14":0},"b":{"0":[0,0],"1":[0,0],"2":[0,0],"3":[0,0],"4":[0,0],"5":[0,0],"6":[0,0],"7":[0,0]},"_coverageSchema":"1a1c01bbd47fc00a2c39e90264f33305004495a9","hash":"eea74d401f80a228ce56e6f075693aa283241789"}
,"/home/caleb/front-end-capstone/client/src/components/RI&COMP/RI&COMP.jsx": {"path":"/home/caleb/front-end-capstone/client/src/components/RI&COMP/RI&COMP.jsx","statementMap":{"0":{"start":{"line":6,"column":29},"end":{"line":6,"column":41}},"1":{"start":{"line":7,"column":21},"end":{"line":15,"column":3}},"2":{"start":{"line":9,"column":4},"end":{"line":14,"column":41}},"3":{"start":{"line":11,"column":8},"end":{"line":11,"column":38}},"4":{"start":{"line":12,"column":8},"end":{"line":12,"column":37}},"5":{"start":{"line":14,"column":22},"end":{"line":14,"column":40}},"6":{"start":{"line":17,"column":2},"end":{"line":20,"column":9}},"7":{"start":{"line":18,"column":4},"end":{"line":19,"column":39}},"8":{"start":{"line":19,"column":22},"end":{"line":19,"column":38}},"9":{"start":{"line":22,"column":2},"end":{"line":24,"column":3}}},"fnMap":{"0":{"name":"RIANDCOMP","decl":{"start":{"line":4,"column":24},"end":{"line":4,"column":33}},"loc":{"start":{"line":4,"column":41},"end":{"line":25,"column":1}},"line":4},"1":{"name":"(anonymous_1)","decl":{"start":{"line":7,"column":21},"end":{"line":7,"column":22}},"loc":{"start":{"line":7,"column":27},"end":{"line":15,"column":3}},"line":7},"2":{"name":"(anonymous_2)","decl":{"start":{"line":10,"column":12},"end":{"line":10,"column":13}},"loc":{"start":{"line":10,"column":26},"end":{"line":13,"column":7}},"line":10},"3":{"name":"(anonymous_3)","decl":{"start":{"line":14,"column":13},"end":{"line":14,"column":14}},"loc":{"start":{"line":14,"column":22},"end":{"line":14,"column":40}},"line":14},"4":{"name":"(anonymous_4)","decl":{"start":{"line":17,"column":12},"end":{"line":17,"column":13}},"loc":{"start":{"line":17,"column":18},"end":{"line":20,"column":3}},"line":17},"5":{"name":"(anonymous_5)","decl":{"start":{"line":19,"column":13},"end":{"line":19,"column":14}},"loc":{"start":{"line":19,"column":22},"end":{"line":19,"column":38}},"line":19}},"branchMap":{},"s":{"0":0,"1":0,"2":0,"3":0,"4":0,"5":0,"6":0,"7":0,"8":0,"9":0},"f":{"0":0,"1":0,"2":0,"3":0,"4":0,"5":0},"b":{},"_coverageSchema":"1a1c01bbd47fc00a2c39e90264f33305004495a9","hash":"f826f6c21b29abad233758d66ec1dc171f2b1618"}
,"/home/caleb/front-end-capstone/client/src/components/Rating/RR.jsx": {"path":"/home/caleb/front-end-capstone/client/src/components/Rating/RR.jsx","statementMap":{"0":{"start":{"line":6,"column":15},"end":{"line":6,"column":17}},"1":{"start":{"line":8,"column":29},"end":{"line":8,"column":41}},"2":{"start":{"line":9,"column":31},"end":{"line":9,"column":43}},"3":{"start":{"line":10,"column":49},"end":{"line":10,"column":61}},"4":{"start":{"line":13,"column":2},"end":{"line":24,"column":24}},"5":{"start":{"line":14,"column":4},"end":{"line":23,"column":5}},"6":{"start":{"line":15,"column":6},"end":{"line":18,"column":8}},"7":{"start":{"line":17,"column":8},"end":{"line":17,"column":42}},"8":{"start":{"line":19,"column":6},"end":{"line":22,"column":8}},"9":{"start":{"line":21,"column":8},"end":{"line":21,"column":34}},"10":{"start":{"line":26,"column":22},"end":{"line":28,"column":3}},"11":{"start":{"line":30,"column":20},"end":{"line":32,"column":3}},"12":{"start":{"line":34,"column":17},"end":{"line":36,"column":3}},"13":{"start":{"line":39,"column":24},"end":{"line":51,"column":3}},"14":{"start":{"line":40,"column":4},"end":{"line":40,"column":72}},"15":{"start":{"line":41,"column":18},"end":{"line":41,"column":20}},"16":{"start":{"line":42,"column":4},"end":{"line":49,"column":6}},"17":{"start":{"line":44,"column":6},"end":{"line":47,"column":8}},"18":{"start":{"line":45,"column":26},"end":{"line":45,"column":93}},"19":{"start":{"line":45,"column":63},"end":{"line":45,"column":92}},"20":{"start":{"line":46,"column":8},"end":{"line":46,"column":57}},"21":{"start":{"line":46,"column":36},"end":{"line":46,"column":56}},"22":{"start":{"line":48,"column":6},"end":{"line":48,"column":35}},"23":{"start":{"line":54,"column":2},"end":{"line":63,"column":3}}},"fnMap":{"0":{"name":"RANDR","decl":{"start":{"line":7,"column":24},"end":{"line":7,"column":29}},"loc":{"start":{"line":7,"column":37},"end":{"line":64,"column":1}},"line":7},"1":{"name":"(anonymous_1)","decl":{"start":{"line":13,"column":12},"end":{"line":13,"column":13}},"loc":{"start":{"line":13,"column":18},"end":{"line":24,"column":3}},"line":13},"2":{"name":"(anonymous_2)","decl":{"start":{"line":16,"column":12},"end":{"line":16,"column":13}},"loc":{"start":{"line":16,"column":26},"end":{"line":18,"column":7}},"line":16},"3":{"name":"(anonymous_3)","decl":{"start":{"line":20,"column":12},"end":{"line":20,"column":13}},"loc":{"start":{"line":20,"column":26},"end":{"line":22,"column":7}},"line":20},"4":{"name":"(anonymous_4)","decl":{"start":{"line":26,"column":22},"end":{"line":26,"column":23}},"loc":{"start":{"line":26,"column":26},"end":{"line":28,"column":3}},"line":26},"5":{"name":"(anonymous_5)","decl":{"start":{"line":30,"column":20},"end":{"line":30,"column":21}},"loc":{"start":{"line":30,"column":24},"end":{"line":32,"column":3}},"line":30},"6":{"name":"(anonymous_6)","decl":{"start":{"line":34,"column":17},"end":{"line":34,"column":18}},"loc":{"start":{"line":34,"column":21},"end":{"line":36,"column":3}},"line":34},"7":{"name":"(anonymous_7)","decl":{"start":{"line":39,"column":24},"end":{"line":39,"column":25}},"loc":{"start":{"line":39,"column":39},"end":{"line":51,"column":3}},"line":39},"8":{"name":"(anonymous_8)","decl":{"start":{"line":43,"column":10},"end":{"line":43,"column":11}},"loc":{"start":{"line":43,"column":24},"end":{"line":49,"column":5}},"line":43},"9":{"name":"(anonymous_9)","decl":{"start":{"line":44,"column":23},"end":{"line":44,"column":24}},"loc":{"start":{"line":44,"column":30},"end":{"line":47,"column":7}},"line":44},"10":{"name":"(anonymous_10)","decl":{"start":{"line":45,"column":55},"end":{"line":45,"column":56}},"loc":{"start":{"line":45,"column":63},"end":{"line":45,"column":92}},"line":45},"11":{"name":"(anonymous_11)","decl":{"start":{"line":46,"column":28},"end":{"line":46,"column":29}},"loc":{"start":{"line":46,"column":36},"end":{"line":46,"column":56}},"line":46}},"branchMap":{"0":{"loc":{"start":{"line":14,"column":4},"end":{"line":23,"column":5}},"type":"if","locations":[{"start":{"line":14,"column":4},"end":{"line":23,"column":5}},{"start":{},"end":{}}],"line":14},"1":{"loc":{"start":{"line":40,"column":4},"end":{"line":40,"column":72}},"type":"cond-expr","locations":[{"start":{"line":40,"column":11},"end":{"line":40,"column":30}},{"start":{"line":40,"column":31},"end":{"line":40,"column":72}}],"line":40},"2":{"loc":{"start":{"line":59,"column":5},"end":{"line":59,"column":145}},"type":"cond-expr","locations":[{"start":{"line":59,"column":60},"end":{"line":59,"column":140}},{"start":{"line":59,"column":141},"end":{"line":59,"column":145}}],"line":59},"3":{"loc":{"start":{"line":59,"column":6},"end":{"line":59,"column":58}},"type":"binary-expr","locations":[{"start":{"line":59,"column":6},"end":{"line":59,"column":22}},{"start":{"line":59,"column":26},"end":{"line":59,"column":58}}],"line":59},"4":{"loc":{"start":{"line":60,"column":5},"end":{"line":60,"column":247}},"type":"cond-expr","locations":[{"start":{"line":60,"column":60},"end":{"line":60,"column":242}},{"start":{"line":60,"column":243},"end":{"line":60,"column":247}}],"line":60},"5":{"loc":{"start":{"line":60,"column":6},"end":{"line":60,"column":58}},"type":"binary-expr","locations":[{"start":{"line":60,"column":6},"end":{"line":60,"column":22}},{"start":{"line":60,"column":26},"end":{"line":60,"column":58}}],"line":60}},"s":{"0":1,"1":0,"2":0,"3":0,"4":0,"5":0,"6":0,"7":0,"8":0,"9":0,"10":0,"11":0,"12":0,"13":0,"14":0,"15":0,"16":0,"17":0,"18":0,"19":0,"20":0,"21":0,"22":0,"23":0},"f":{"0":0,"1":0,"2":0,"3":0,"4":0,"5":0,"6":0,"7":0,"8":0,"9":0,"10":0,"11":0},"b":{"0":[0,0],"1":[0,0],"2":[0,0],"3":[0,0],"4":[0,0],"5":[0,0]},"_coverageSchema":"1a1c01bbd47fc00a2c39e90264f33305004495a9","hash":"463844f33c330b230ff27a5ae110f595cb30b89b"}
[...]
,"/home/caleb/front-end-capstone/client/src/components/Rating/reviewBreakDown/characteristics.jsx": {"path":"/home/caleb/front-end-capstone/client/src/components/Rating/reviewBreakDown/characteristics.jsx","statementMap":{"0":{"start":{"line":6,"column":2},"end":{"line":10,"column":3}}},"fnMap":{"0":{"name":"Characteristics","decl":{"start":{"line":3,"column":24},"end":{"line":3,"column":39}},"loc":{"start":{"line":3,"column":47},"end":{"line":11,"column":1}},"line":3}},"branchMap":{},"s":{"0":0},"f":{"0":0},"b":{},"_coverageSchema":"1a1c01bbd47fc00a2c39e90264f33305004495a9","hash":"6135103f74fcb700d639683a5290c776ae391015"}
,"/home/caleb/front-end-capstone/client/src/components/Rating/reviewBreakDown/starRateBar.jsx": {"path":"/home/caleb/front-end-capstone/client/src/components/Rating/reviewBreakDown/starRateBar.jsx","statementMap":{"0":{"start":{"line":5,"column":4},"end":{"line":5,"column":17}},"1":{"start":{"line":6,"column":4},"end":{"line":13,"column":6}},"2":{"start":{"line":18,"column":30},"end":{"line":24,"column":5}},"3":{"start":{"line":26,"column":4},"end":{"line":32,"column":5}},"4":{"start":{"line":35,"column":26},"end":{"line":38,"column":5}},"5":{"start":{"line":40,"column":33},"end":{"line":51,"column":5}},"6":{"start":{"line":53,"column":24},"end":{"line":63,"column":5}},"7":{"start":{"line":65,"column":19},"end":{"line":69,"column":5}},"8":{"start":{"line":70,"column":20},"end":{"line":82,"column":5}},"9":{"start":{"line":71,"column":6},"end":{"line":75,"column":7}},"10":{"start":{"line":72,"column":8},"end":{"line":72,"column":66}},"11":{"start":{"line":73,"column":8},"end":{"line":73,"column":33}},"12":{"start":{"line":74,"column":8},"end":{"line":74,"column":14}},"13":{"start":{"line":76,"column":6},"end":{"line":81,"column":7}},"14":{"start":{"line":77,"column":8},"end":{"line":77,"column":28}},"15":{"start":{"line":78,"column":8},"end":{"line":78,"column":66}},"16":{"start":{"line":79,"column":8},"end":{"line":79,"column":32}},"17":{"start":{"line":80,"column":8},"end":{"line":80,"column":14}},"18":{"start":{"line":84,"column":4},"end":{"line":96,"column":6}}},"fnMap":{"0":{"name":"(anonymous_0)","decl":{"start":{"line":4,"column":2},"end":{"line":4,"column":3}},"loc":{"start":{"line":4,"column":21},"end":{"line":14,"column":3}},"line":4},"1":{"name":"(anonymous_1)","decl":{"start":{"line":17,"column":2},"end":{"line":17,"column":3}},"loc":{"start":{"line":17,"column":19},"end":{"line":33,"column":3}},"line":17},"2":{"name":"(anonymous_2)","decl":{"start":{"line":34,"column":2},"end":{"line":34,"column":3}},"loc":{"start":{"line":34,"column":11},"end":{"line":97,"column":3}},"line":34},"3":{"name":"(anonymous_3)","decl":{"start":{"line":70,"column":20},"end":{"line":70,"column":21}},"loc":{"start":{"line":70,"column":26},"end":{"line":82,"column":5}},"line":70}},"branchMap":{"0":{"loc":{"start":{"line":11,"column":11},"end":{"line":11,"column":115}},"type":"cond-expr","locations":[{"start":{"line":11,"column":46},"end":{"line":11,"column":47}},{"start":{"line":11,"column":49},"end":{"line":11,"column":115}}],"line":11},"1":{"loc":{"start":{"line":71,"column":6},"end":{"line":75,"column":7}},"type":"if","locations":[{"start":{"line":71,"column":6},"end":{"line":75,"column":7}},{"start":{},"end":{}}],"line":71},"2":{"loc":{"start":{"line":76,"column":6},"end":{"line":81,"column":7}},"type":"if","locations":[{"start":{"line":76,"column":6},"end":{"line":81,"column":7}},{"start":{},"end":{}}],"line":76},"3":{"loc":{"start":{"line":88,"column":13},"end":{"line":88,"column":77}},"type":"cond-expr","locations":[{"start":{"line":88,"column":30},"end":{"line":88,"column":42}},{"start":{"line":88,"column":43},"end":{"line":88,"column":77}}],"line":88},"4":{"loc":{"start":{"line":93,"column":43},"end":{"line":93,"column":87}},"type":"cond-expr","locations":[{"start":{"line":93,"column":61},"end":{"line":93,"column":82}},{"start":{"line":93,"column":83},"end":{"line":93,"column":87}}],"line":93}},"s":{"0":0,"1":0,"2":0,"3":0,"4":0,"5":0,"6":0,"7":0,"8":0,"9":0,"10":0,"11":0,"12":0,"13":0,"14":0,"15":0,"16":0,"17":0,"18":0},"f":{"0":0,"1":0,"2":0,"3":0},"b":{"0":[0,0],"1":[0,0],"2":[0,0],"3":[0,0],"4":[0,0]},"_coverageSchema":"1a1c01bbd47fc00a2c39e90264f33305004495a9","hash":"0c2100006df927b393d226457346f36dda414c84"}
,"/home/caleb/front-end-capstone/client/src/components/Rating/reviewList/reviewList.jsx": {"path":"/home/caleb/front-end-capstone/client/src/components/Rating/reviewList/reviewList.jsx","statementMap":{"0":{"start":{"line":7,"column":13},"end":{"line":7,"column":14}},"1":{"start":{"line":8,"column":10},"end":{"line":8,"column":11}},"2":{"start":{"line":10,"column":25},"end":{"line":10,"column":61}},"3":{"start":{"line":11,"column":32},"end":{"line":11,"column":65}},"4":{"start":{"line":12,"column":39},"end":{"line":12,"column":63}},"5":{"start":{"line":13,"column":27},"end":{"line":13,"column":42}},"6":{"start":{"line":14,"column":2},"end":{"line":14,"column":38}},"7":{"start":{"line":16,"column":23},"end":{"line":25,"column":3}},"8":{"start":{"line":17,"column":4},"end":{"line":24,"column":7}},"9":{"start":{"line":18,"column":6},"end":{"line":20,"column":7}},"10":{"start":{"line":19,"column":8},"end":{"line":19,"column":44}},"11":{"start":{"line":21,"column":6},"end":{"line":23,"column":7}},"12":{"start":{"line":22,"column":8},"end":{"line":22,"column":70}},"13":{"start":{"line":27,"column":17},"end":{"line":42,"column":3}},"14":{"start":{"line":28,"column":4},"end":{"line":28,"column":23}},"15":{"start":{"line":29,"column":4},"end":{"line":32,"column":5}},"16":{"start":{"line":30,"column":6},"end":{"line":30,"column":21}},"17":{"start":{"line":31,"column":6},"end":{"line":31,"column":41}},"18":{"start":{"line":33,"column":4},"end":{"line":36,"column":5}},"19":{"start":{"line":34,"column":6},"end":{"line":34,"column":63}},"20":{"start":{"line":34,"column":32},"end":{"line":34,"column":61}},"21":{"start":{"line":35,"column":6},"end":{"line":35,"column":41}},"22":{"start":{"line":37,"column":4},"end":{"line":40,"column":5}},"23":{"start":{"line":38,"column":6},"end":{"line":38,"column":90}},"24":{"start":{"line":38,"column":33},"end":{"line":38,"column":88}},"25":{"start":{"line":39,"column":6},"end":{"line":39,"column":41}},"26":{"start":{"line":43,"column":18},"end":{"line":53,"column":3}},"27":{"start":{"line":45,"column":4},"end":{"line":52,"column":5}},"28":{"start":{"line":46,"column":6},"end":{"line":46,"column":15}},"29":{"start":{"line":47,"column":6},"end":{"line":47,"column":41}},"30":{"start":{"line":48,"column":6},"end":{"line":51,"column":7}},"31":{"start":{"line":49,"column":8},"end":{"line":49,"column":42}},"32":{"start":{"line":50,"column":8},"end":{"line":50,"column":51}},"33":{"start":{"line":55,"column":22},"end":{"line":57,"column":3}},"34":{"start":{"line":56,"column":4},"end":{"line":56,"column":18}},"35":{"start":{"line":58,"column":2},"end":{"line":58,"column":16}},"36":{"start":{"line":60,"column":2},"end":{"line":82,"column":3}},"37":{"start":{"line":72,"column":10},"end":{"line":72,"column":143}},"38":{"start":{"line":75,"column":8},"end":{"line":75,"column":141}}},"fnMap":{"0":{"name":"ReviewList","decl":{"start":{"line":9,"column":24},"end":{"line":9,"column":34}},"loc":{"start":{"line":9,"column":42},"end":{"line":83,"column":1}},"line":9},"1":{"name":"(anonymous_1)","decl":{"start":{"line":16,"column":23},"end":{"line":16,"column":24}},"loc":{"start":{"line":16,"column":27},"end":{"line":25,"column":3}},"line":16},"2":{"name":"(anonymous_2)","decl":{"start":{"line":17,"column":23},"end":{"line":17,"column":24}},"loc":{"start":{"line":17,"column":31},"end":{"line":24,"column":5}},"line":17},"3":{"name":"(anonymous_3)","decl":{"start":{"line":27,"column":17},"end":{"line":27,"column":18}},"loc":{"start":{"line":27,"column":23},"end":{"line":42,"column":3}},"line":27},"4":{"name":"(anonymous_4)","decl":{"start":{"line":34,"column":25},"end":{"line":34,"column":26}},"loc":{"start":{"line":34,"column":32},"end":{"line":34,"column":61}},"line":34},"5":{"name":"(anonymous_5)","decl":{"start":{"line":38,"column":25},"end":{"line":38,"column":26}},"loc":{"start":{"line":38,"column":33},"end":{"line":38,"column":88}},"line":38},"6":{"name":"(anonymous_6)","decl":{"start":{"line":43,"column":18},"end":{"line":43,"column":19}},"loc":{"start":{"line":43,"column":22},"end":{"line":53,"column":3}},"line":43},"7":{"name":"(anonymous_7)","decl":{"start":{"line":55,"column":22},"end":{"line":55,"column":23}},"loc":{"start":{"line":55,"column":26},"end":{"line":57,"column":3}},"line":55},"8":{"name":"(anonymous_8)","decl":{"start":{"line":71,"column":36},"end":{"line":71,"column":37}},"loc":{"start":{"line":71,"column":50},"end":{"line":73,"column":9}},"line":71},"9":{"name":"(anonymous_9)","decl":{"start":{"line":74,"column":18},"end":{"line":74,"column":19}},"loc":{"start":{"line":74,"column":32},"end":{"line":76,"column":7}},"line":74}},"branchMap":{"0":{"loc":{"start":{"line":18,"column":6},"end":{"line":20,"column":7}},"type":"if","locations":[{"start":{"line":18,"column":6},"end":{"line":20,"column":7}},{"start":{},"end":{}}],"line":18},"1":{"loc":{"start":{"line":21,"column":6},"end":{"line":23,"column":7}},"type":"if","locations":[{"start":{"line":21,"column":6},"end":{"line":23,"column":7}},{"start":{},"end":{}}],"line":21},"2":{"loc":{"start":{"line":29,"column":4},"end":{"line":32,"column":5}},"type":"if","locations":[{"start":{"line":29,"column":4},"end":{"line":32,"column":5}},{"start":{},"end":{}}],"line":29},"3":{"loc":{"start":{"line":33,"column":4},"end":{"line":36,"column":5}},"type":"if","locations":[{"start":{"line":33,"column":4},"end":{"line":36,"column":5}},{"start":{},"end":{}}],"line":33},"4":{"loc":{"start":{"line":37,"column":4},"end":{"line":40,"column":5}},"type":"if","locations":[{"start":{"line":37,"column":4},"end":{"line":40,"column":5}},{"start":{},"end":{}}],"line":37},"5":{"loc":{"start":{"line":45,"column":4},"end":{"line":52,"column":5}},"type":"if","locations":[{"start":{"line":45,"column":4},"end":{"line":52,"column":5}},{"start":{},"end":{}}],"line":45},"6":{"loc":{"start":{"line":48,"column":6},"end":{"line":51,"column":7}},"type":"if","locations":[{"start":{"line":48,"column":6},"end":{"line":51,"column":7}},{"start":{},"end":{}}],"line":48},"7":{"loc":{"start":{"line":50,"column":8},"end":{"line":50,"column":50}},"type":"cond-expr","locations":[{"start":{"line":50,"column":16},"end":{"line":50,"column":33}},{"start":{"line":50,"column":34},"end":{"line":50,"column":50}}],"line":50},"8":{"loc":{"start":{"line":70,"column":7},"end":{"line":76,"column":8}},"type":"cond-expr","locations":[{"start":{"line":71,"column":8},"end":{"line":73,"column":10}},{"start":{"line":74,"column":9},"end":{"line":76,"column":8}}],"line":70},"9":{"loc":{"start":{"line":78,"column":7},"end":{"line":78,"column":68}},"type":"cond-expr","locations":[{"start":{"line":78,"column":15},"end":{"line":78,"column":63}},{"start":{"line":78,"column":64},"end":{"line":78,"column":68}}],"line":78},"10":{"loc":{"start":{"line":80,"column":7},"end":{"line":80,"column":109}},"type":"cond-expr","locations":[{"start":{"line":80,"column":13},"end":{"line":80,"column":104}},{"start":{"line":80,"column":105},"end":{"line":80,"column":109}}],"line":80}},"s":{"0":1,"1":1,"2":0,"3":0,"4":0,"5":0,"6":0,"7":0,"8":0,"9":0,"10":0,"11":0,"12":0,"13":0,"14":0,"15":0,"16":0,"17":0,"18":0,"19":0,"20":0,"21":0,"22":0,"23":0,"24":0,"25":0,"26":0,"27":0,"28":0,"29":0,"30":0,"31":0,"32":0,"33":0,"34":0,"35":0,"36":0,"37":0,"38":0},"f":{"0":0,"1":0,"2":0,"3":0,"4":0,"5":0,"6":0,"7":0,"8":0,"9":0},"b":{"0":[0,0],"1":[0,0],"2":[0,0],"3":[0,0],"4":[0,0],"5":[0,0],"6":[0,0],"7":[0,0],"8":[0,0],"9":[0,0],"10":[0,0]},"_coverageSchema":"1a1c01bbd47fc00a2c39e90264f33305004495a9","hash":"68ac9e6e1f3fd1a721648835ae63fd03f09dc093"}
,"/home/caleb/front-end-capstone/client/src/components/Rating/reviewList/reviewListEntry.jsx": {"path":"/home/caleb/front-end-capstone/client/src/components/Rating/reviewList/reviewListEntry.jsx","statementMap":{"0":{"start":{"line":6,"column":18},"end":{"line":6,"column":88}},"1":{"start":{"line":7,"column":13},"end":{"line":7,"column":78}},"2":{"start":{"line":9,"column":18},"end":{"line":11,"column":3}},"3":{"start":{"line":13,"column":2},"end":{"line":22,"column":3}}},"fnMap":{"0":{"name":"ReviewListEntry","decl":{"start":{"line":5,"column":24},"end":{"line":5,"column":39}},"loc":{"start":{"line":5,"column":47},"end":{"line":23,"column":1}},"line":5},"1":{"name":"(anonymous_1)","decl":{"start":{"line":9,"column":18},"end":{"line":9,"column":19}},"loc":{"start":{"line":9,"column":22},"end":{"line":11,"column":3}},"line":9}},"branchMap":{"0":{"loc":{"start":{"line":19,"column":5},"end":{"line":19,"column":75}},"type":"cond-expr","locations":[{"start":{"line":19,"column":30},"end":{"line":19,"column":68}},{"start":{"line":19,"column":71},"end":{"line":19,"column":75}}],"line":19}},"s":{"0":0,"1":0,"2":0,"3":0},"f":{"0":0,"1":0},"b":{"0":[0,0]},"_coverageSchema":"1a1c01bbd47fc00a2c39e90264f33305004495a9","hash":"7b3e513d329270e750bcfb25a41cbe2345283821"}
,"/home/caleb/front-end-capstone/client/src/components/Rating/reviewList/upLoadImg.jsx": {"path":"/home/caleb/front-end-capstone/client/src/components/Rating/reviewList/upLoadImg.jsx","statementMap":{"0":{"start":{"line":6,"column":18},"end":{"line":10,"column":3}},"1":{"start":{"line":7,"column":14},"end":{"line":7,"column":28}},"2":{"start":{"line":9,"column":4},"end":{"line":9,"column":43}},"3":{"start":{"line":12,"column":2},"end":{"line":20,"column":3}},"4":{"start":{"line":17,"column":21},"end":{"line":17,"column":32}}},"fnMap":{"0":{"name":"UpLoadImg","decl":{"start":{"line":4,"column":24},"end":{"line":4,"column":33}},"loc":{"start":{"line":4,"column":41},"end":{"line":21,"column":1}},"line":4},"1":{"name":"(anonymous_1)","decl":{"start":{"line":6,"column":18},"end":{"line":6,"column":19}},"loc":{"start":{"line":6,"column":25},"end":{"line":10,"column":3}},"line":6},"2":{"name":"(anonymous_2)","decl":{"start":{"line":17,"column":18},"end":{"line":17,"column":19}},"loc":{"start":{"line":17,"column":21},"end":{"line":17,"column":32}},"line":17}},"branchMap":{},"s":{"0":0,"1":0,"2":0,"3":0,"4":0},"f":{"0":0,"1":0,"2":0},"b":{},"_coverageSchema":"1a1c01bbd47fc00a2c39e90264f33305004495a9","hash":"40d0d9eda63173c26b272428c6e2dce56248f9fd"}
,"/home/caleb/front-end-capstone/client/src/components/Rating/reviewList/writeReview.jsx": {"path":"/home/caleb/front-end-capstone/client/src/components/Rating/reviewList/writeReview.jsx","statementMap":{"0":{"start":{"line":6,"column":28},"end":{"line":6,"column":42}},"1":{"start":{"line":7,"column":28},"end":{"line":7,"column":39}},"2":{"start":{"line":8,"column":30},"end":{"line":8,"column":42}},"3":{"start":{"line":9,"column":24},"end":{"line":9,"column":36}},"4":{"start":{"line":10,"column":33},"end":{"line":10,"column":48}},"5":{"start":{"line":11,"column":33},"end":{"line":11,"column":45}},"6":{"start":{"line":12,"column":27},"end":{"line":12,"column":39}},"7":{"start":{"line":13,"column":22},"end":{"line":15,"column":3}},"8":{"start":{"line":14,"column":4},"end":{"line":14,"column":19}},"9":{"start":{"line":16,"column":19},"end":{"line":30,"column":3}},"10":{"start":{"line":17,"column":20},"end":{"line":26,"column":5}},"11":{"start":{"line":28,"column":4},"end":{"line":28,"column":17}},"12":{"start":{"line":29,"column":4},"end":{"line":29,"column":26}},"13":{"start":{"line":31,"column":2},"end":{"line":105,"column":3}},"14":{"start":{"line":38,"column":49},"end":{"line":38,"column":68}},"15":{"start":{"line":54,"column":27},"end":{"line":54,"column":53}},"16":{"start":{"line":66,"column":27},"end":{"line":66,"column":50}},"17":{"start":{"line":79,"column":27},"end":{"line":79,"column":82}},"18":{"start":{"line":87,"column":27},"end":{"line":87,"column":54}}},"fnMap":{"0":{"name":"WriteRview","decl":{"start":{"line":5,"column":24},"end":{"line":5,"column":34}},"loc":{"start":{"line":5,"column":42},"end":{"line":106,"column":1}},"line":5},"1":{"name":"(anonymous_1)","decl":{"start":{"line":13,"column":22},"end":{"line":13,"column":23}},"loc":{"start":{"line":13,"column":28},"end":{"line":15,"column":3}},"line":13},"2":{"name":"(anonymous_2)","decl":{"start":{"line":16,"column":19},"end":{"line":16,"column":20}},"loc":{"start":{"line":16,"column":23},"end":{"line":30,"column":3}},"line":16},"3":{"name":"(anonymous_3)","decl":{"start":{"line":38,"column":42},"end":{"line":38,"column":43}},"loc":{"start":{"line":38,"column":49},"end":{"line":38,"column":68}},"line":38},"4":{"name":"(anonymous_4)","decl":{"start":{"line":54,"column":22},"end":{"line":54,"column":23}},"loc":{"start":{"line":54,"column":27},"end":{"line":54,"column":53}},"line":54},"5":{"name":"(anonymous_5)","decl":{"start":{"line":66,"column":22},"end":{"line":66,"column":23}},"loc":{"start":{"line":66,"column":27},"end":{"line":66,"column":50}},"line":66},"6":{"name":"(anonymous_6)","decl":{"start":{"line":79,"column":21},"end":{"line":79,"column":22}},"loc":{"start":{"line":79,"column":26},"end":{"line":79,"column":83}},"line":79},"7":{"name":"(anonymous_7)","decl":{"start":{"line":87,"column":22},"end":{"line":87,"column":23}},"loc":{"start":{"line":87,"column":27},"end":{"line":87,"column":54}},"line":87}},"branchMap":{"0":{"loc":{"start":{"line":35,"column":34},"end":{"line":35,"column":55}},"type":"cond-expr","locations":[{"start":{"line":35,"column":42},"end":{"line":35,"column":50}},{"start":{"line":35,"column":53},"end":{"line":35,"column":55}}],"line":35},"1":{"loc":{"start":{"line":79,"column":27},"end":{"line":79,"column":82}},"type":"cond-expr","locations":[{"start":{"line":79,"column":44},"end":{"line":79,"column":62}},{"start":{"line":79,"column":63},"end":{"line":79,"column":82}}],"line":79}},"s":{"0":0,"1":0,"2":0,"3":0,"4":0,"5":0,"6":0,"7":0,"8":0,"9":0,"10":0,"11":0,"12":0,"13":0,"14":0,"15":0,"16":0,"17":0,"18":0},"f":{"0":0,"1":0,"2":0,"3":0,"4":0,"5":0,"6":0,"7":0},"b":{"0":[0,0],"1":[0,0]},"_coverageSchema":"1a1c01bbd47fc00a2c39e90264f33305004495a9","hash":"0a93cd67af15408add79070e3bb91192ad26d8fa"}
,"/home/caleb/front-end-capstone/client/src/components/subComponents/modalHook.jsx": {"path":"/home/caleb/front-end-capstone/client/src/components/subComponents/modalHook.jsx","statementMap":{"0":{"start":{"line":5,"column":17},"end":{"line":16,"column":1}},"1":{"start":{"line":6,"column":36},"end":{"line":6,"column":51}},"2":{"start":{"line":9,"column":4},"end":{"line":9,"column":29}},"3":{"start":{"line":12,"column":2},"end":{"line":15,"column":3}}},"fnMap":{"0":{"name":"(anonymous_0)","decl":{"start":{"line":5,"column":17},"end":{"line":5,"column":18}},"loc":{"start":{"line":5,"column":23},"end":{"line":16,"column":1}},"line":5},"1":{"name":"toggle","decl":{"start":{"line":8,"column":11},"end":{"line":8,"column":17}},"loc":{"start":{"line":8,"column":20},"end":{"line":10,"column":3}},"line":8}},"branchMap":{},"s":{"0":1,"1":0,"2":0,"3":0},"f":{"0":0,"1":0},"b":{},"_coverageSchema":"1a1c01bbd47fc00a2c39e90264f33305004495a9","hash":"48b1e5060f77462da0244629533daf87575a5b7f"}
}
