{"/Users/sarahhandley/front-end-capstone/client/src/components/Overview/ProductHeading/ProductHeading.jsx": {"path":"/Users/sarahhandley/front-end-capstone/client/src/components/Overview/ProductHeading/ProductHeading.jsx","statementMap":{"0":{"start":{"line":4,"column":2},"end":{"line":18,"column":4}}},"fnMap":{"0":{"name":"ProductHeading","decl":{"start":{"line":3,"column":24},"end":{"line":3,"column":38}},"loc":{"start":{"line":3,"column":81},"end":{"line":19,"column":1}},"line":3}},"branchMap":{"0":{"loc":{"start":{"line":8,"column":7},"end":{"line":9,"column":78}},"type":"binary-expr","locations":[{"start":{"line":8,"column":7},"end":{"line":8,"column":50}},{"start":{"line":9,"column":8},"end":{"line":9,"column":78}}],"line":8},"1":{"loc":{"start":{"line":11,"column":7},"end":{"line":15,"column":14}},"type":"binary-expr","locations":[{"start":{"line":11,"column":7},"end":{"line":11,"column":50}},{"start":{"line":12,"column":8},"end":{"line":15,"column":14}}],"line":11}},"s":{"0":0},"f":{"0":0},"b":{"0":[0,0],"1":[0,0]},"_coverageSchema":"1a1c01bbd47fc00a2c39e90264f33305004495a9","hash":"512bd34f2e77483360cbdb05db3f82177087c75e"}
}
